[0.704s] Invoking command in '/home/kang/ros2_ws/src/tribo_plot': CONDA_PROMPT_MODIFIER=(base) PYTHONPATH=/home/kang/ros2_ws/build/tribo_plot/prefix_override:/usr/lib/python3/dist-packages/colcon_core/task/python/colcon_distutils_commands:/home/kang/ros2_ws/install/tribo_plot/lib/python3.10/site-packages:${PYTHONPATH} /usr/bin/python3 -W ignore:setup.py install is deprecated -W ignore:easy_install command is deprecated setup.py egg_info --egg-base ../../build/tribo_plot build --build-base /home/kang/ros2_ws/build/tribo_plot/build install --record /home/kang/ros2_ws/build/tribo_plot/install.log --single-version-externally-managed install_data
[0.864s] running egg_info
[0.864s] writing ../../build/tribo_plot/tribo_plot.egg-info/PKG-INFO
[0.865s] writing dependency_links to ../../build/tribo_plot/tribo_plot.egg-info/dependency_links.txt
[0.865s] writing entry points to ../../build/tribo_plot/tribo_plot.egg-info/entry_points.txt
[0.865s] writing requirements to ../../build/tribo_plot/tribo_plot.egg-info/requires.txt
[0.866s] writing top-level names to ../../build/tribo_plot/tribo_plot.egg-info/top_level.txt
[0.867s] reading manifest file '../../build/tribo_plot/tribo_plot.egg-info/SOURCES.txt'
[0.868s] writing manifest file '../../build/tribo_plot/tribo_plot.egg-info/SOURCES.txt'
[0.868s] running build
[0.868s] running build_py
[0.869s] copying tribo_plot/models.py -> /home/kang/ros2_ws/build/tribo_plot/build/lib/tribo_plot
[0.869s] copying tribo_plot/plot_sensor.py -> /home/kang/ros2_ws/build/tribo_plot/build/lib/tribo_plot
[0.870s] copying tribo_plot/app1.py -> /home/kang/ros2_ws/build/tribo_plot/build/lib/tribo_plot
[0.870s] running install
[0.870s] running install_lib
[0.871s] copying /home/kang/ros2_ws/build/tribo_plot/build/lib/tribo_plot/models.py -> /home/kang/ros2_ws/install/tribo_plot/lib/python3.10/site-packages/tribo_plot
[0.871s] copying /home/kang/ros2_ws/build/tribo_plot/build/lib/tribo_plot/plot_sensor.py -> /home/kang/ros2_ws/install/tribo_plot/lib/python3.10/site-packages/tribo_plot
[0.872s] copying /home/kang/ros2_ws/build/tribo_plot/build/lib/tribo_plot/app1.py -> /home/kang/ros2_ws/install/tribo_plot/lib/python3.10/site-packages/tribo_plot
[0.872s] byte-compiling /home/kang/ros2_ws/install/tribo_plot/lib/python3.10/site-packages/tribo_plot/models.py to models.cpython-310.pyc
[0.873s] byte-compiling /home/kang/ros2_ws/install/tribo_plot/lib/python3.10/site-packages/tribo_plot/plot_sensor.py to plot_sensor.cpython-310.pyc
[0.874s] byte-compiling /home/kang/ros2_ws/install/tribo_plot/lib/python3.10/site-packages/tribo_plot/app1.py to app1.cpython-310.pyc
[0.874s] running install_data
[0.874s] running install_egg_info
[0.876s] removing '/home/kang/ros2_ws/install/tribo_plot/lib/python3.10/site-packages/tribo_plot-0.0.0-py3.10.egg-info' (and everything under it)
[0.877s] Copying ../../build/tribo_plot/tribo_plot.egg-info to /home/kang/ros2_ws/install/tribo_plot/lib/python3.10/site-packages/tribo_plot-0.0.0-py3.10.egg-info
[0.879s] running install_scripts
[0.895s] Installing plot_sensor script to /home/kang/ros2_ws/install/tribo_plot/lib/tribo_plot
[0.895s] writing list of installed files to '/home/kang/ros2_ws/build/tribo_plot/install.log'
[0.920s] Invoked command in '/home/kang/ros2_ws/src/tribo_plot' returned '0': CONDA_PROMPT_MODIFIER=(base) PYTHONPATH=/home/kang/ros2_ws/build/tribo_plot/prefix_override:/usr/lib/python3/dist-packages/colcon_core/task/python/colcon_distutils_commands:/home/kang/ros2_ws/install/tribo_plot/lib/python3.10/site-packages:${PYTHONPATH} /usr/bin/python3 -W ignore:setup.py install is deprecated -W ignore:easy_install command is deprecated setup.py egg_info --egg-base ../../build/tribo_plot build --build-base /home/kang/ros2_ws/build/tribo_plot/build install --record /home/kang/ros2_ws/build/tribo_plot/install.log --single-version-externally-managed install_data
