[0.210s] DEBUG:colcon:Command line arguments: ['/usr/bin/colcon', 'build', '--symlink-install']
[0.210s] DEBUG:colcon:Parsed command line arguments: Namespace(log_base=None, log_level=None, verb_name='build', build_base='build', install_base='install', merge_install=False, symlink_install=True, test_result_base=None, continue_on_error=False, executor='parallel', parallel_workers=16, event_handlers=None, ignore_user_meta=False, metas=['./colcon.meta'], base_paths=['.'], packages_ignore=None, packages_ignore_regex=None, paths=None, packages_up_to=None, packages_up_to_regex=None, packages_above=None, packages_above_and_dependencies=None, packages_above_depth=None, packages_select_by_dep=None, packages_skip_by_dep=None, packages_skip_up_to=None, packages_select_build_failed=False, packages_skip_build_finished=False, packages_select_test_failures=False, packages_skip_test_passed=False, packages_select=None, packages_skip=None, packages_select_regex=None, packages_skip_regex=None, packages_start=None, packages_end=None, allow_overriding=[], cmake_args=None, cmake_target=None, cmake_target_skip_unavailable=False, cmake_clean_cache=False, cmake_clean_first=False, cmake_force_configure=False, ament_cmake_args=None, catkin_cmake_args=None, catkin_skip_building_tests=False, mixin_files=None, mixin=None, verb_parser=<colcon_mixin.mixin.mixin_argument.MixinArgumentDecorator object at 0x7f235b2d2890>, verb_extension=<colcon_core.verb.build.BuildVerb object at 0x7f235b2d2200>, main=<bound method BuildVerb.main of <colcon_core.verb.build.BuildVerb object at 0x7f235b2d2200>>, mixin_verb=('build',))
[0.241s] Level 1:colcon.colcon_core.package_discovery:discover_packages(colcon_meta) check parameters
[0.241s] Level 1:colcon.colcon_core.package_discovery:discover_packages(recursive) check parameters
[0.241s] Level 1:colcon.colcon_core.package_discovery:discover_packages(ignore) check parameters
[0.241s] Level 1:colcon.colcon_core.package_discovery:discover_packages(path) check parameters
[0.241s] Level 1:colcon.colcon_core.package_discovery:discover_packages(colcon_meta) discover
[0.241s] Level 1:colcon.colcon_core.package_discovery:discover_packages(recursive) discover
[0.241s] INFO:colcon.colcon_core.package_discovery:Crawling recursively for packages in '/home/kang/ros2_ws'
[0.241s] Level 1:colcon.colcon_core.package_identification:_identify(.) by extensions ['ignore', 'ignore_ament_install']
[0.242s] Level 1:colcon.colcon_core.package_identification:_identify(.) by extension 'ignore'
[0.242s] Level 1:colcon.colcon_core.package_identification:_identify(.) by extension 'ignore_ament_install'
[0.242s] Level 1:colcon.colcon_core.package_identification:_identify(.) by extensions ['colcon_pkg']
[0.242s] Level 1:colcon.colcon_core.package_identification:_identify(.) by extension 'colcon_pkg'
[0.242s] Level 1:colcon.colcon_core.package_identification:_identify(.) by extensions ['colcon_meta']
[0.242s] Level 1:colcon.colcon_core.package_identification:_identify(.) by extension 'colcon_meta'
[0.242s] Level 1:colcon.colcon_core.package_identification:_identify(.) by extensions ['ros']
[0.242s] Level 1:colcon.colcon_core.package_identification:_identify(.) by extension 'ros'
[0.253s] Level 1:colcon.colcon_core.package_identification:_identify(.) by extensions ['cmake', 'python']
[0.253s] Level 1:colcon.colcon_core.package_identification:_identify(.) by extension 'cmake'
[0.253s] Level 1:colcon.colcon_core.package_identification:_identify(.) by extension 'python'
[0.253s] Level 1:colcon.colcon_core.package_identification:_identify(.) by extensions ['python_setup_py']
[0.253s] Level 1:colcon.colcon_core.package_identification:_identify(.) by extension 'python_setup_py'
[0.253s] Level 1:colcon.colcon_core.package_identification:_identify(build) by extensions ['ignore', 'ignore_ament_install']
[0.253s] Level 1:colcon.colcon_core.package_identification:_identify(build) by extension 'ignore'
[0.253s] Level 1:colcon.colcon_core.package_identification:_identify(build) ignored
[0.253s] Level 1:colcon.colcon_core.package_identification:_identify(install) by extensions ['ignore', 'ignore_ament_install']
[0.254s] Level 1:colcon.colcon_core.package_identification:_identify(install) by extension 'ignore'
[0.254s] Level 1:colcon.colcon_core.package_identification:_identify(install) ignored
[0.254s] Level 1:colcon.colcon_core.package_identification:_identify(log) by extensions ['ignore', 'ignore_ament_install']
[0.254s] Level 1:colcon.colcon_core.package_identification:_identify(log) by extension 'ignore'
[0.254s] Level 1:colcon.colcon_core.package_identification:_identify(log) ignored
[0.254s] Level 1:colcon.colcon_core.package_identification:_identify(src) by extensions ['ignore', 'ignore_ament_install']
[0.254s] Level 1:colcon.colcon_core.package_identification:_identify(src) by extension 'ignore'
[0.254s] Level 1:colcon.colcon_core.package_identification:_identify(src) by extension 'ignore_ament_install'
[0.254s] Level 1:colcon.colcon_core.package_identification:_identify(src) by extensions ['colcon_pkg']
[0.254s] Level 1:colcon.colcon_core.package_identification:_identify(src) by extension 'colcon_pkg'
[0.254s] Level 1:colcon.colcon_core.package_identification:_identify(src) by extensions ['colcon_meta']
[0.254s] Level 1:colcon.colcon_core.package_identification:_identify(src) by extension 'colcon_meta'
[0.254s] Level 1:colcon.colcon_core.package_identification:_identify(src) by extensions ['ros']
[0.254s] Level 1:colcon.colcon_core.package_identification:_identify(src) by extension 'ros'
[0.254s] Level 1:colcon.colcon_core.package_identification:_identify(src) by extensions ['cmake', 'python']
[0.254s] Level 1:colcon.colcon_core.package_identification:_identify(src) by extension 'cmake'
[0.254s] Level 1:colcon.colcon_core.package_identification:_identify(src) by extension 'python'
[0.254s] Level 1:colcon.colcon_core.package_identification:_identify(src) by extensions ['python_setup_py']
[0.254s] Level 1:colcon.colcon_core.package_identification:_identify(src) by extension 'python_setup_py'
[0.254s] Level 1:colcon.colcon_core.package_identification:_identify(src/tribo) by extensions ['ignore', 'ignore_ament_install']
[0.254s] Level 1:colcon.colcon_core.package_identification:_identify(src/tribo) by extension 'ignore'
[0.255s] Level 1:colcon.colcon_core.package_identification:_identify(src/tribo) by extension 'ignore_ament_install'
[0.255s] Level 1:colcon.colcon_core.package_identification:_identify(src/tribo) by extensions ['colcon_pkg']
[0.255s] Level 1:colcon.colcon_core.package_identification:_identify(src/tribo) by extension 'colcon_pkg'
[0.255s] Level 1:colcon.colcon_core.package_identification:_identify(src/tribo) by extensions ['colcon_meta']
[0.255s] Level 1:colcon.colcon_core.package_identification:_identify(src/tribo) by extension 'colcon_meta'
[0.255s] Level 1:colcon.colcon_core.package_identification:_identify(src/tribo) by extensions ['ros']
[0.255s] Level 1:colcon.colcon_core.package_identification:_identify(src/tribo) by extension 'ros'
[0.257s] DEBUG:colcon.colcon_core.package_identification:Package 'src/tribo' with type 'ros.ament_cmake' and name 'tribo'
[0.257s] Level 1:colcon.colcon_core.package_identification:_identify(src/tribo_plot) by extensions ['ignore', 'ignore_ament_install']
[0.257s] Level 1:colcon.colcon_core.package_identification:_identify(src/tribo_plot) by extension 'ignore'
[0.257s] Level 1:colcon.colcon_core.package_identification:_identify(src/tribo_plot) by extension 'ignore_ament_install'
[0.257s] Level 1:colcon.colcon_core.package_identification:_identify(src/tribo_plot) by extensions ['colcon_pkg']
[0.257s] Level 1:colcon.colcon_core.package_identification:_identify(src/tribo_plot) by extension 'colcon_pkg'
[0.257s] Level 1:colcon.colcon_core.package_identification:_identify(src/tribo_plot) by extensions ['colcon_meta']
[0.257s] Level 1:colcon.colcon_core.package_identification:_identify(src/tribo_plot) by extension 'colcon_meta'
[0.257s] Level 1:colcon.colcon_core.package_identification:_identify(src/tribo_plot) by extensions ['ros']
[0.257s] Level 1:colcon.colcon_core.package_identification:_identify(src/tribo_plot) by extension 'ros'
[0.258s] DEBUG:colcon.colcon_core.package_identification:Package 'src/tribo_plot' with type 'ros.ament_python' and name 'tribo_plot'
[0.258s] Level 1:colcon.colcon_core.package_identification:_identify(src/ur_test) by extensions ['ignore', 'ignore_ament_install']
[0.258s] Level 1:colcon.colcon_core.package_identification:_identify(src/ur_test) by extension 'ignore'
[0.258s] Level 1:colcon.colcon_core.package_identification:_identify(src/ur_test) by extension 'ignore_ament_install'
[0.258s] Level 1:colcon.colcon_core.package_identification:_identify(src/ur_test) by extensions ['colcon_pkg']
[0.258s] Level 1:colcon.colcon_core.package_identification:_identify(src/ur_test) by extension 'colcon_pkg'
[0.258s] Level 1:colcon.colcon_core.package_identification:_identify(src/ur_test) by extensions ['colcon_meta']
[0.258s] Level 1:colcon.colcon_core.package_identification:_identify(src/ur_test) by extension 'colcon_meta'
[0.258s] Level 1:colcon.colcon_core.package_identification:_identify(src/ur_test) by extensions ['ros']
[0.258s] Level 1:colcon.colcon_core.package_identification:_identify(src/ur_test) by extension 'ros'
[0.258s] DEBUG:colcon.colcon_core.package_identification:Package 'src/ur_test' with type 'ros.ament_cmake' and name 'ur_test'
[0.259s] Level 1:colcon.colcon_core.package_discovery:discover_packages(recursive) using defaults
[0.259s] Level 1:colcon.colcon_core.package_discovery:discover_packages(ignore) discover
[0.259s] Level 1:colcon.colcon_core.package_discovery:discover_packages(ignore) using defaults
[0.259s] Level 1:colcon.colcon_core.package_discovery:discover_packages(path) discover
[0.259s] Level 1:colcon.colcon_core.package_discovery:discover_packages(path) using defaults
[0.274s] Level 1:colcon.colcon_core.package_discovery:discover_packages(prefix_path) check parameters
[0.274s] Level 1:colcon.colcon_core.package_discovery:discover_packages(prefix_path) discover
[0.275s] DEBUG:colcon.colcon_installed_package_information.package_discovery:Found 2 installed packages in /home/kang/ros2_ws/install
[0.276s] DEBUG:colcon.colcon_installed_package_information.package_discovery:Found 270 installed packages in /opt/ros/humble
[0.277s] Level 1:colcon.colcon_core.package_discovery:discover_packages(prefix_path) using defaults
[0.303s] Level 5:colcon.colcon_core.verb:set package 'tribo' build argument 'cmake_args' from command line to 'None'
[0.303s] Level 5:colcon.colcon_core.verb:set package 'tribo' build argument 'cmake_target' from command line to 'None'
[0.303s] Level 5:colcon.colcon_core.verb:set package 'tribo' build argument 'cmake_target_skip_unavailable' from command line to 'False'
[0.303s] Level 5:colcon.colcon_core.verb:set package 'tribo' build argument 'cmake_clean_cache' from command line to 'False'
[0.303s] Level 5:colcon.colcon_core.verb:set package 'tribo' build argument 'cmake_clean_first' from command line to 'False'
[0.303s] Level 5:colcon.colcon_core.verb:set package 'tribo' build argument 'cmake_force_configure' from command line to 'False'
[0.303s] Level 5:colcon.colcon_core.verb:set package 'tribo' build argument 'ament_cmake_args' from command line to 'None'
[0.303s] Level 5:colcon.colcon_core.verb:set package 'tribo' build argument 'catkin_cmake_args' from command line to 'None'
[0.303s] Level 5:colcon.colcon_core.verb:set package 'tribo' build argument 'catkin_skip_building_tests' from command line to 'False'
[0.303s] DEBUG:colcon.colcon_core.verb:Building package 'tribo' with the following arguments: {'ament_cmake_args': None, 'build_base': '/home/kang/ros2_ws/build/tribo', 'catkin_cmake_args': None, 'catkin_skip_building_tests': False, 'cmake_args': None, 'cmake_clean_cache': False, 'cmake_clean_first': False, 'cmake_force_configure': False, 'cmake_target': None, 'cmake_target_skip_unavailable': False, 'install_base': '/home/kang/ros2_ws/install/tribo', 'merge_install': False, 'path': '/home/kang/ros2_ws/src/tribo', 'symlink_install': True, 'test_result_base': None}
[0.303s] Level 5:colcon.colcon_core.verb:set package 'tribo_plot' build argument 'cmake_args' from command line to 'None'
[0.303s] Level 5:colcon.colcon_core.verb:set package 'tribo_plot' build argument 'cmake_target' from command line to 'None'
[0.303s] Level 5:colcon.colcon_core.verb:set package 'tribo_plot' build argument 'cmake_target_skip_unavailable' from command line to 'False'
[0.303s] Level 5:colcon.colcon_core.verb:set package 'tribo_plot' build argument 'cmake_clean_cache' from command line to 'False'
[0.303s] Level 5:colcon.colcon_core.verb:set package 'tribo_plot' build argument 'cmake_clean_first' from command line to 'False'
[0.303s] Level 5:colcon.colcon_core.verb:set package 'tribo_plot' build argument 'cmake_force_configure' from command line to 'False'
[0.303s] Level 5:colcon.colcon_core.verb:set package 'tribo_plot' build argument 'ament_cmake_args' from command line to 'None'
[0.303s] Level 5:colcon.colcon_core.verb:set package 'tribo_plot' build argument 'catkin_cmake_args' from command line to 'None'
[0.303s] Level 5:colcon.colcon_core.verb:set package 'tribo_plot' build argument 'catkin_skip_building_tests' from command line to 'False'
[0.303s] DEBUG:colcon.colcon_core.verb:Building package 'tribo_plot' with the following arguments: {'ament_cmake_args': None, 'build_base': '/home/kang/ros2_ws/build/tribo_plot', 'catkin_cmake_args': None, 'catkin_skip_building_tests': False, 'cmake_args': None, 'cmake_clean_cache': False, 'cmake_clean_first': False, 'cmake_force_configure': False, 'cmake_target': None, 'cmake_target_skip_unavailable': False, 'install_base': '/home/kang/ros2_ws/install/tribo_plot', 'merge_install': False, 'path': '/home/kang/ros2_ws/src/tribo_plot', 'symlink_install': True, 'test_result_base': None}
[0.304s] Level 5:colcon.colcon_core.verb:set package 'ur_test' build argument 'cmake_args' from command line to 'None'
[0.304s] Level 5:colcon.colcon_core.verb:set package 'ur_test' build argument 'cmake_target' from command line to 'None'
[0.304s] Level 5:colcon.colcon_core.verb:set package 'ur_test' build argument 'cmake_target_skip_unavailable' from command line to 'False'
[0.304s] Level 5:colcon.colcon_core.verb:set package 'ur_test' build argument 'cmake_clean_cache' from command line to 'False'
[0.304s] Level 5:colcon.colcon_core.verb:set package 'ur_test' build argument 'cmake_clean_first' from command line to 'False'
[0.304s] Level 5:colcon.colcon_core.verb:set package 'ur_test' build argument 'cmake_force_configure' from command line to 'False'
[0.304s] Level 5:colcon.colcon_core.verb:set package 'ur_test' build argument 'ament_cmake_args' from command line to 'None'
[0.304s] Level 5:colcon.colcon_core.verb:set package 'ur_test' build argument 'catkin_cmake_args' from command line to 'None'
[0.304s] Level 5:colcon.colcon_core.verb:set package 'ur_test' build argument 'catkin_skip_building_tests' from command line to 'False'
[0.304s] DEBUG:colcon.colcon_core.verb:Building package 'ur_test' with the following arguments: {'ament_cmake_args': None, 'build_base': '/home/kang/ros2_ws/build/ur_test', 'catkin_cmake_args': None, 'catkin_skip_building_tests': False, 'cmake_args': None, 'cmake_clean_cache': False, 'cmake_clean_first': False, 'cmake_force_configure': False, 'cmake_target': None, 'cmake_target_skip_unavailable': False, 'install_base': '/home/kang/ros2_ws/install/ur_test', 'merge_install': False, 'path': '/home/kang/ros2_ws/src/ur_test', 'symlink_install': True, 'test_result_base': None}
[0.304s] INFO:colcon.colcon_core.executor:Executing jobs using 'parallel' executor
[0.305s] DEBUG:colcon.colcon_parallel_executor.executor.parallel:run_until_complete
[0.306s] INFO:colcon.colcon_ros.task.ament_cmake.build:Building ROS package in '/home/kang/ros2_ws/src/tribo' with build type 'ament_cmake'
[0.306s] INFO:colcon.colcon_cmake.task.cmake.build:Building CMake package in '/home/kang/ros2_ws/src/tribo'
[0.308s] INFO:colcon.colcon_core.plugin_system:Skipping extension 'colcon_core.shell.bat': Not used on non-Windows systems
[0.308s] INFO:colcon.colcon_core.shell:Skip shell extension 'powershell' for command environment: Not usable outside of PowerShell
[0.308s] DEBUG:colcon.colcon_core.shell:Skip shell extension 'dsv' for command environment
[0.311s] INFO:colcon.colcon_ros.task.ament_python.build:Building ROS package in '/home/kang/ros2_ws/src/tribo_plot' with build type 'ament_python'
[0.312s] Level 1:colcon.colcon_core.shell:create_environment_hook('tribo_plot', 'ament_prefix_path')
[0.312s] INFO:colcon.colcon_core.shell:Creating environment hook '/home/kang/ros2_ws/install/tribo_plot/share/tribo_plot/hook/ament_prefix_path.ps1'
[0.313s] INFO:colcon.colcon_core.shell:Creating environment descriptor '/home/kang/ros2_ws/install/tribo_plot/share/tribo_plot/hook/ament_prefix_path.dsv'
[0.314s] INFO:colcon.colcon_core.shell:Creating environment hook '/home/kang/ros2_ws/install/tribo_plot/share/tribo_plot/hook/ament_prefix_path.sh'
[0.314s] INFO:colcon.colcon_core.shell:Skip shell extension 'powershell' for command environment: Not usable outside of PowerShell
[0.315s] DEBUG:colcon.colcon_core.shell:Skip shell extension 'dsv' for command environment
[0.317s] INFO:colcon.colcon_ros.task.ament_cmake.build:Building ROS package in '/home/kang/ros2_ws/src/ur_test' with build type 'ament_cmake'
[0.317s] INFO:colcon.colcon_cmake.task.cmake.build:Building CMake package in '/home/kang/ros2_ws/src/ur_test'
[0.318s] INFO:colcon.colcon_core.shell:Skip shell extension 'powershell' for command environment: Not usable outside of PowerShell
[0.318s] DEBUG:colcon.colcon_core.shell:Skip shell extension 'dsv' for command environment
[0.330s] DEBUG:colcon.colcon_core.event_handler.log_command:Invoking command in '/home/kang/ros2_ws/build/tribo': CMAKE_PREFIX_PATH=/opt/ros/humble: CONDA_PROMPT_MODIFIER=(base) /usr/bin/cmake /home/kang/ros2_ws/src/tribo -DAMENT_CMAKE_SYMLINK_INSTALL=1 -DCMAKE_INSTALL_PREFIX=/home/kang/ros2_ws/install/tribo
[0.487s] INFO:colcon.colcon_core.task.python.build:Building Python package in '/home/kang/ros2_ws/src/tribo_plot'
[0.487s] INFO:colcon.colcon_core.shell:Skip shell extension 'powershell' for command environment: Not usable outside of PowerShell
[0.487s] DEBUG:colcon.colcon_core.shell:Skip shell extension 'dsv' for command environment
[0.498s] DEBUG:colcon.colcon_core.event_handler.log_command:Invoking command in '/home/kang/ros2_ws/build/ur_test': CMAKE_PREFIX_PATH=/opt/ros/humble: CONDA_PROMPT_MODIFIER=(base) /usr/bin/cmake /home/kang/ros2_ws/src/ur_test -DAMENT_CMAKE_SYMLINK_INSTALL=1 -DCMAKE_INSTALL_PREFIX=/home/kang/ros2_ws/install/ur_test
[0.963s] DEBUG:colcon.colcon_core.event_handler.log_command:Invoking command in '/home/kang/ros2_ws/build/tribo_plot': CONDA_PROMPT_MODIFIER=(base) PYTHONPATH=/home/kang/ros2_ws/build/tribo_plot/prefix_override:/usr/lib/python3/dist-packages/colcon_core/task/python/colcon_distutils_commands:/home/kang/ros2_ws/install/tribo_plot/lib/python3.10/site-packages:${PYTHONPATH} /usr/bin/python3 -W ignore:setup.py install is deprecated -W ignore:easy_install command is deprecated setup.py develop --editable --build-directory /home/kang/ros2_ws/build/tribo_plot/build --no-deps symlink_data
[1.465s] Level 1:colcon.colcon_core.shell:create_environment_hook('tribo_plot', 'pythonpath_develop')
[1.465s] INFO:colcon.colcon_core.shell:Creating environment hook '/home/kang/ros2_ws/build/tribo_plot/share/tribo_plot/hook/pythonpath_develop.ps1'
[1.466s] DEBUG:colcon.colcon_core.event_handler.log_command:Invoked command in '/home/kang/ros2_ws/build/tribo_plot' returned '0': CONDA_PROMPT_MODIFIER=(base) PYTHONPATH=/home/kang/ros2_ws/build/tribo_plot/prefix_override:/usr/lib/python3/dist-packages/colcon_core/task/python/colcon_distutils_commands:/home/kang/ros2_ws/install/tribo_plot/lib/python3.10/site-packages:${PYTHONPATH} /usr/bin/python3 -W ignore:setup.py install is deprecated -W ignore:easy_install command is deprecated setup.py develop --editable --build-directory /home/kang/ros2_ws/build/tribo_plot/build --no-deps symlink_data
[1.466s] INFO:colcon.colcon_core.shell:Creating environment descriptor '/home/kang/ros2_ws/build/tribo_plot/share/tribo_plot/hook/pythonpath_develop.dsv'
[1.467s] INFO:colcon.colcon_core.shell:Creating environment hook '/home/kang/ros2_ws/build/tribo_plot/share/tribo_plot/hook/pythonpath_develop.sh'
[1.470s] Level 1:colcon.colcon_core.environment:checking '/home/kang/ros2_ws/install/tribo_plot' for CMake module files
[1.471s] Level 1:colcon.colcon_core.environment:checking '/home/kang/ros2_ws/install/tribo_plot' for CMake config files
[1.471s] Level 1:colcon.colcon_core.environment:checking '/home/kang/ros2_ws/install/tribo_plot/lib'
[1.472s] Level 1:colcon.colcon_core.environment:checking '/home/kang/ros2_ws/install/tribo_plot/bin'
[1.472s] Level 1:colcon.colcon_core.environment:checking '/home/kang/ros2_ws/install/tribo_plot/lib/pkgconfig/tribo_plot.pc'
[1.472s] Level 1:colcon.colcon_core.environment:checking '/home/kang/ros2_ws/install/tribo_plot/lib/python3.10/site-packages'
[1.472s] Level 1:colcon.colcon_core.shell:create_environment_hook('tribo_plot', 'pythonpath')
[1.472s] INFO:colcon.colcon_core.shell:Creating environment hook '/home/kang/ros2_ws/install/tribo_plot/share/tribo_plot/hook/pythonpath.ps1'
[1.473s] INFO:colcon.colcon_core.shell:Creating environment descriptor '/home/kang/ros2_ws/install/tribo_plot/share/tribo_plot/hook/pythonpath.dsv'
[1.473s] INFO:colcon.colcon_core.shell:Creating environment hook '/home/kang/ros2_ws/install/tribo_plot/share/tribo_plot/hook/pythonpath.sh'
[1.474s] Level 1:colcon.colcon_core.environment:checking '/home/kang/ros2_ws/install/tribo_plot/bin'
[1.474s] Level 1:colcon.colcon_core.environment:create_environment_scripts_only(tribo_plot)
[1.474s] INFO:colcon.colcon_core.shell:Creating package script '/home/kang/ros2_ws/install/tribo_plot/share/tribo_plot/package.ps1'
[1.475s] INFO:colcon.colcon_core.shell:Creating package descriptor '/home/kang/ros2_ws/install/tribo_plot/share/tribo_plot/package.dsv'
[1.476s] INFO:colcon.colcon_core.shell:Creating package script '/home/kang/ros2_ws/install/tribo_plot/share/tribo_plot/package.sh'
[1.476s] INFO:colcon.colcon_core.shell:Creating package script '/home/kang/ros2_ws/install/tribo_plot/share/tribo_plot/package.bash'
[1.477s] INFO:colcon.colcon_core.shell:Creating package script '/home/kang/ros2_ws/install/tribo_plot/share/tribo_plot/package.zsh'
[1.478s] Level 1:colcon.colcon_core.environment:create_file_with_runtime_dependencies(/home/kang/ros2_ws/install/tribo_plot/share/colcon-core/packages/tribo_plot)
[4.764s] DEBUG:colcon.colcon_core.event_handler.log_command:Invoked command in '/home/kang/ros2_ws/build/ur_test' returned '1': CMAKE_PREFIX_PATH=/opt/ros/humble: CONDA_PROMPT_MODIFIER=(base) /usr/bin/cmake /home/kang/ros2_ws/src/ur_test -DAMENT_CMAKE_SYMLINK_INSTALL=1 -DCMAKE_INSTALL_PREFIX=/home/kang/ros2_ws/install/ur_test
[4.771s] Level 1:colcon.colcon_core.environment:create_environment_scripts_only(ur_test)
[4.771s] Level 1:colcon.colcon_core.environment:checking '/home/kang/ros2_ws/install/ur_test' for CMake module files
[4.771s] Level 1:colcon.colcon_core.environment:checking '/home/kang/ros2_ws/install/ur_test' for CMake config files
[4.772s] Level 1:colcon.colcon_core.environment:checking '/home/kang/ros2_ws/install/ur_test/bin'
[4.772s] Level 1:colcon.colcon_core.environment:checking '/home/kang/ros2_ws/install/ur_test/lib/pkgconfig/ur_test.pc'
[4.772s] Level 1:colcon.colcon_core.environment:checking '/home/kang/ros2_ws/install/ur_test/lib/python3.10/site-packages'
[4.772s] Level 1:colcon.colcon_core.environment:checking '/home/kang/ros2_ws/install/ur_test/bin'
[4.772s] INFO:colcon.colcon_core.shell:Creating package script '/home/kang/ros2_ws/install/ur_test/share/ur_test/package.ps1'
[4.773s] INFO:colcon.colcon_core.shell:Creating package descriptor '/home/kang/ros2_ws/install/ur_test/share/ur_test/package.dsv'
[4.773s] INFO:colcon.colcon_core.shell:Creating package script '/home/kang/ros2_ws/install/ur_test/share/ur_test/package.sh'
[4.773s] INFO:colcon.colcon_core.shell:Creating package script '/home/kang/ros2_ws/install/ur_test/share/ur_test/package.bash'
[4.774s] INFO:colcon.colcon_core.shell:Creating package script '/home/kang/ros2_ws/install/ur_test/share/ur_test/package.zsh'
[4.774s] Level 1:colcon.colcon_core.environment:create_file_with_runtime_dependencies(/home/kang/ros2_ws/install/ur_test/share/colcon-core/packages/ur_test)
[4.786s] DEBUG:colcon.colcon_parallel_executor.executor.parallel:closing loop
[4.787s] DEBUG:colcon.colcon_parallel_executor.executor.parallel:loop closed
[4.787s] DEBUG:colcon.colcon_parallel_executor.executor.parallel:run_until_complete finished with '1'
[4.787s] DEBUG:colcon.colcon_core.event_reactor:joining thread
[4.894s] INFO:colcon.colcon_core.plugin_system:Skipping extension 'colcon_notification.desktop_notification.notify_send': Could not find 'notify-send'
[4.895s] INFO:colcon.colcon_core.plugin_system:Skipping extension 'colcon_notification.desktop_notification.terminal_notifier': Not used on non-Darwin systems
[4.895s] INFO:colcon.colcon_core.plugin_system:Skipping extension 'colcon_notification.desktop_notification.win32': Not used on non-Windows systems
[4.895s] INFO:colcon.colcon_notification.desktop_notification:Sending desktop notification using 'notify2'
[4.895s] DEBUG:colcon.colcon_notification.desktop_notification.notify2:Failed to initialize notify2: org.freedesktop.DBus.Error.FileNotFound: Failed to connect to socket /run/user/1000/bus: No such file or directory
[4.895s] DEBUG:colcon.colcon_core.event_reactor:joined thread
[4.896s] INFO:colcon.colcon_core.shell:Creating prefix script '/home/kang/ros2_ws/install/local_setup.ps1'
[4.898s] INFO:colcon.colcon_core.shell:Creating prefix util module '/home/kang/ros2_ws/install/_local_setup_util_ps1.py'
[4.901s] INFO:colcon.colcon_core.shell:Creating prefix chain script '/home/kang/ros2_ws/install/setup.ps1'
[4.902s] INFO:colcon.colcon_core.shell:Creating prefix script '/home/kang/ros2_ws/install/local_setup.sh'
[4.904s] INFO:colcon.colcon_core.shell:Creating prefix util module '/home/kang/ros2_ws/install/_local_setup_util_sh.py'
[4.905s] INFO:colcon.colcon_core.shell:Creating prefix chain script '/home/kang/ros2_ws/install/setup.sh'
[4.906s] INFO:colcon.colcon_core.shell:Creating prefix script '/home/kang/ros2_ws/install/local_setup.bash'
[4.907s] INFO:colcon.colcon_core.shell:Creating prefix chain script '/home/kang/ros2_ws/install/setup.bash'
[4.908s] INFO:colcon.colcon_core.shell:Creating prefix script '/home/kang/ros2_ws/install/local_setup.zsh'
[4.909s] INFO:colcon.colcon_core.shell:Creating prefix chain script '/home/kang/ros2_ws/install/setup.zsh'
