[100%] Built target writer
[100%] Built target sensorT
[100%] Built target sensorRFT
-- Install configuration: ""
-- Execute custom install script
-- Up-to-date symlink: /home/kang/ros2_ws/install/tribo/lib/tribo/sensorT
-- Up-to-date symlink: /home/kang/ros2_ws/install/tribo/lib/tribo/sensorRFT
-- Up-to-date symlink: /home/kang/ros2_ws/install/tribo/lib/tribo/writer
-- Up-to-date symlink: /home/kang/ros2_ws/install/tribo/share/tribo/launch/tribo_launch.py
-- Up-to-date symlink: /home/kang/ros2_ws/install/tribo/share/ament_index/resource_index/package_run_dependencies/tribo
-- Up-to-date symlink: /home/kang/ros2_ws/install/tribo/share/ament_index/resource_index/parent_prefix_path/tribo
-- Up-to-date symlink: /home/kang/ros2_ws/install/tribo/share/tribo/environment/ament_prefix_path.sh
-- Up-to-date symlink: /home/kang/ros2_ws/install/tribo/share/tribo/environment/ament_prefix_path.dsv
-- Up-to-date symlink: /home/kang/ros2_ws/install/tribo/share/tribo/environment/path.sh
-- Up-to-date symlink: /home/kang/ros2_ws/install/tribo/share/tribo/environment/path.dsv
-- Up-to-date symlink: /home/kang/ros2_ws/install/tribo/share/tribo/local_setup.bash
-- Up-to-date symlink: /home/kang/ros2_ws/install/tribo/share/tribo/local_setup.sh
-- Up-to-date symlink: /home/kang/ros2_ws/install/tribo/share/tribo/local_setup.zsh
-- Up-to-date symlink: /home/kang/ros2_ws/install/tribo/share/tribo/local_setup.dsv
-- Symlinking: /home/kang/ros2_ws/install/tribo/share/tribo/package.dsv
-- Up-to-date symlink: /home/kang/ros2_ws/install/tribo/share/ament_index/resource_index/packages/tribo
-- Up-to-date symlink: /home/kang/ros2_ws/install/tribo/share/tribo/cmake/triboConfig.cmake
-- Up-to-date symlink: /home/kang/ros2_ws/install/tribo/share/tribo/cmake/triboConfig-version.cmake
-- Up-to-date symlink: /home/kang/ros2_ws/install/tribo/share/tribo/package.xml
