[0.022s] Invoking command in '/home/kang/ros2_ws/build/tribo': CMAKE_PREFIX_PATH=/opt/ros/humble CONDA_PROMPT_MODIFIER=(tribo) /usr/bin/cmake /home/kang/ros2_ws/src/tribo -DCMAKE_INSTALL_PREFIX=/home/kang/ros2_ws/install/tribo
[0.144s] -- Found ament_cmake: 1.3.11 (/opt/ros/humble/share/ament_cmake/cmake)
[0.144s] -- Override CMake install command with custom implementation using symlinks instead of copying resources
[0.159s] -- Found rclcpp: 16.0.11 (/opt/ros/humble/share/rclcpp/cmake)
[0.244s] -- Found rosidl_generator_c: 3.1.6 (/opt/ros/humble/share/rosidl_generator_c/cmake)
[0.247s] -- Found rosidl_adapter: 3.1.6 (/opt/ros/humble/share/rosidl_adapter/cmake)
[0.253s] -- Found rosidl_generator_cpp: 3.1.6 (/opt/ros/humble/share/rosidl_generator_cpp/cmake)
[0.264s] -- Using all available rosidl_typesupport_c: rosidl_typesupport_fastrtps_c;rosidl_typesupport_introspection_c
[0.276s] -- Using all available rosidl_typesupport_cpp: rosidl_typesupport_fastrtps_cpp;rosidl_typesupport_introspection_cpp
[0.308s] -- Found rmw_implementation_cmake: 6.1.2 (/opt/ros/humble/share/rmw_implementation_cmake/cmake)
[0.310s] -- Found rmw_fastrtps_cpp: 6.2.7 (/opt/ros/humble/share/rmw_fastrtps_cpp/cmake)
[2.082s] -- Using RMW implementation 'rmw_fastrtps_cpp' as default
[2.138s] -- Found tf2_msgs: 0.25.9 (/opt/ros/humble/share/tf2_msgs/cmake)
[2.183s] -- Found sensor_msgs: 4.2.4 (/opt/ros/humble/share/sensor_msgs/cmake)
[2.196s] -- Found tf2: 0.25.9 (/opt/ros/humble/share/tf2/cmake)
[2.198s] -- Found tf2_ros: 0.25.9 (/opt/ros/humble/share/tf2_ros/cmake)
[2.275s] -- Configuring done
[2.291s] -- Generating done
[2.296s] -- Build files have been written to: /home/kang/ros2_ws/build/tribo
[2.305s] Invoked command in '/home/kang/ros2_ws/build/tribo' returned '0': CMAKE_PREFIX_PATH=/opt/ros/humble CONDA_PROMPT_MODIFIER=(tribo) /usr/bin/cmake /home/kang/ros2_ws/src/tribo -DCMAKE_INSTALL_PREFIX=/home/kang/ros2_ws/install/tribo
[2.307s] Invoking command in '/home/kang/ros2_ws/build/tribo': CMAKE_PREFIX_PATH=/opt/ros/humble CONDA_PROMPT_MODIFIER=(tribo) /usr/bin/cmake --build /home/kang/ros2_ws/build/tribo -- -j16 -l16
[2.336s] [35m[1mConsolidate compiler generated dependencies of target sensorT[0m
[2.336s] [35m[1mConsolidate compiler generated dependencies of target sensorRFT[0m
[2.336s] [35m[1mConsolidate compiler generated dependencies of target writer[0m
[2.354s] [ 50%] [32m[1mLinking CXX executable sensorRFT[0m
[2.354s] [ 50%] [32m[1mLinking CXX executable writer[0m
[2.355s] [ 50%] [32m[1mLinking CXX executable sensorT[0m
[2.640s] [ 66%] Built target sensorRFT
[2.654s] [ 83%] Built target sensorT
[3.130s] [100%] Built target writer
[3.136s] Invoked command in '/home/kang/ros2_ws/build/tribo' returned '0': CMAKE_PREFIX_PATH=/opt/ros/humble CONDA_PROMPT_MODIFIER=(tribo) /usr/bin/cmake --build /home/kang/ros2_ws/build/tribo -- -j16 -l16
[3.155s] Invoking command in '/home/kang/ros2_ws/build/tribo': CMAKE_PREFIX_PATH=/opt/ros/humble CONDA_PROMPT_MODIFIER=(tribo) /usr/bin/cmake --install /home/kang/ros2_ws/build/tribo
[3.158s] -- Install configuration: ""
[3.158s] -- Execute custom install script
[3.158s] -- Up-to-date symlink: /home/kang/ros2_ws/install/tribo/lib/tribo/sensorT
[3.158s] -- Up-to-date symlink: /home/kang/ros2_ws/install/tribo/lib/tribo/sensorRFT
[3.159s] -- Up-to-date symlink: /home/kang/ros2_ws/install/tribo/lib/tribo/writer
[3.159s] -- Up-to-date symlink: /home/kang/ros2_ws/install/tribo/share/tribo/launch/tribo_launch.py
[3.159s] -- Up-to-date symlink: /home/kang/ros2_ws/install/tribo/share/ament_index/resource_index/package_run_dependencies/tribo
[3.160s] -- Up-to-date symlink: /home/kang/ros2_ws/install/tribo/share/ament_index/resource_index/parent_prefix_path/tribo
[3.160s] -- Up-to-date symlink: /home/kang/ros2_ws/install/tribo/share/tribo/environment/ament_prefix_path.sh
[3.160s] -- Up-to-date symlink: /home/kang/ros2_ws/install/tribo/share/tribo/environment/ament_prefix_path.dsv
[3.160s] -- Up-to-date symlink: /home/kang/ros2_ws/install/tribo/share/tribo/environment/path.sh
[3.160s] -- Up-to-date symlink: /home/kang/ros2_ws/install/tribo/share/tribo/environment/path.dsv
[3.161s] -- Up-to-date symlink: /home/kang/ros2_ws/install/tribo/share/tribo/local_setup.bash
[3.161s] -- Up-to-date symlink: /home/kang/ros2_ws/install/tribo/share/tribo/local_setup.sh
[3.161s] -- Up-to-date symlink: /home/kang/ros2_ws/install/tribo/share/tribo/local_setup.zsh
[3.161s] -- Up-to-date symlink: /home/kang/ros2_ws/install/tribo/share/tribo/local_setup.dsv
[3.161s] -- Symlinking: /home/kang/ros2_ws/install/tribo/share/tribo/package.dsv
[3.166s] -- Up-to-date symlink: /home/kang/ros2_ws/install/tribo/share/ament_index/resource_index/packages/tribo
[3.166s] -- Up-to-date symlink: /home/kang/ros2_ws/install/tribo/share/tribo/cmake/triboConfig.cmake
[3.167s] -- Up-to-date symlink: /home/kang/ros2_ws/install/tribo/share/tribo/cmake/triboConfig-version.cmake
[3.167s] -- Up-to-date symlink: /home/kang/ros2_ws/install/tribo/share/tribo/package.xml
[3.168s] Invoked command in '/home/kang/ros2_ws/build/tribo' returned '0': CMAKE_PREFIX_PATH=/opt/ros/humble CONDA_PROMPT_MODIFIER=(tribo) /usr/bin/cmake --install /home/kang/ros2_ws/build/tribo
