[0.023s] Invoking command in '/home/kang/ros2_ws/build/tribo': CMAKE_PREFIX_PATH=${CMAKE_PREFIX_PATH}:/home/kang/ros2_ws/install/tribo_plot:/home/kang/ros2_ws/install/my_package:/opt/ros/humble CONDA_PROMPT_MODIFIER=(base) /usr/bin/cmake /home/kang/ros2_ws/src/tribo -DCMAKE_INSTALL_PREFIX=/home/kang/ros2_ws/install/tribo
[0.235s] -- Found ament_cmake: 1.3.11 (/opt/ros/humble/share/ament_cmake/cmake)
[0.237s] -- Override CMake install command with custom implementation using symlinks instead of copying resources
[0.238s] -- Found rclcpp: 16.0.11 (/opt/ros/humble/share/rclcpp/cmake)
[0.371s] -- Found rosidl_generator_c: 3.1.6 (/opt/ros/humble/share/rosidl_generator_c/cmake)
[0.373s] -- Found rosidl_adapter: 3.1.6 (/opt/ros/humble/share/rosidl_adapter/cmake)
[0.380s] -- Found rosidl_generator_cpp: 3.1.6 (/opt/ros/humble/share/rosidl_generator_cpp/cmake)
[0.388s] -- Using all available rosidl_typesupport_c: rosidl_typesupport_fastrtps_c;rosidl_typesupport_introspection_c
[0.399s] -- Using all available rosidl_typesupport_cpp: rosidl_typesupport_fastrtps_cpp;rosidl_typesupport_introspection_cpp
[0.425s] -- Found rmw_implementation_cmake: 6.1.2 (/opt/ros/humble/share/rmw_implementation_cmake/cmake)
[0.426s] -- Found rmw_fastrtps_cpp: 6.2.7 (/opt/ros/humble/share/rmw_fastrtps_cpp/cmake)
[5.983s] -- Using RMW implementation 'rmw_fastrtps_cpp' as default
[6.022s] -- Found tf2_msgs: 0.25.9 (/opt/ros/humble/share/tf2_msgs/cmake)
[6.061s] -- Found sensor_msgs: 4.2.4 (/opt/ros/humble/share/sensor_msgs/cmake)
[6.074s] -- Found tf2: 0.25.9 (/opt/ros/humble/share/tf2/cmake)
[6.077s] -- Found tf2_ros: 0.25.9 (/opt/ros/humble/share/tf2_ros/cmake)
[6.126s] Traceback (most recent call last):
[6.126s]   File "/opt/ros/humble/share/ament_cmake_core/cmake/core/package_xml_2_cmake.py", line 22, in <module>
[6.126s]     from catkin_pkg.package import parse_package_string
[6.126s] ModuleNotFoundError: No module named 'catkin_pkg'
[6.128s] [31mCMake Error at /opt/ros/humble/share/ament_cmake_core/cmake/core/ament_package_xml.cmake:95 (message):
[6.128s]   execute_process(/home/kang/miniconda3/bin/python3
[6.129s]   /opt/ros/humble/share/ament_cmake_core/cmake/core/package_xml_2_cmake.py
[6.129s]   /home/kang/ros2_ws/src/tribo/package.xml
[6.129s]   /home/kang/ros2_ws/build/tribo/ament_cmake_core/package.cmake) returned
[6.129s]   error code 1
[6.129s] Call Stack (most recent call first):
[6.129s]   /opt/ros/humble/share/ament_cmake_core/cmake/core/ament_package_xml.cmake:49 (_ament_package_xml)
[6.129s]   /opt/ros/humble/share/ament_cmake_core/cmake/core/ament_package.cmake:63 (ament_package_xml)
[6.129s]   CMakeLists.txt:44 (ament_package)
[6.129s] 
[6.130s] [0m
[6.130s] -- Configuring incomplete, errors occurred!
[6.130s] See also "/home/kang/ros2_ws/build/tribo/CMakeFiles/CMakeOutput.log".
[6.140s] Invoked command in '/home/kang/ros2_ws/build/tribo' returned '1': CMAKE_PREFIX_PATH=${CMAKE_PREFIX_PATH}:/home/kang/ros2_ws/install/tribo_plot:/home/kang/ros2_ws/install/my_package:/opt/ros/humble CONDA_PROMPT_MODIFIER=(base) /usr/bin/cmake /home/kang/ros2_ws/src/tribo -DCMAKE_INSTALL_PREFIX=/home/kang/ros2_ws/install/tribo
