[0.536s] Invoking command in '/home/kang/ros2_ws/src/tribo_plot': CONDA_PROMPT_MODIFIER=(guest) PYTHONPATH=/home/kang/ros2_ws/build/tribo_plot/prefix_override:/usr/lib/python3/dist-packages/colcon_core/task/python/colcon_distutils_commands:/home/kang/ros2_ws/install/tribo_plot/lib/python3.10/site-packages:${PYTHONPATH} /usr/bin/python3 -W ignore:setup.py install is deprecated -W ignore:easy_install command is deprecated setup.py egg_info --egg-base ../../build/tribo_plot build --build-base /home/kang/ros2_ws/build/tribo_plot/build install --record /home/kang/ros2_ws/build/tribo_plot/install.log --single-version-externally-managed install_data
[0.708s] running egg_info
[0.717s] writing ../../build/tribo_plot/tribo_plot.egg-info/PKG-INFO
[0.718s] writing dependency_links to ../../build/tribo_plot/tribo_plot.egg-info/dependency_links.txt
[0.718s] writing entry points to ../../build/tribo_plot/tribo_plot.egg-info/entry_points.txt
[0.718s] writing requirements to ../../build/tribo_plot/tribo_plot.egg-info/requires.txt
[0.718s] writing top-level names to ../../build/tribo_plot/tribo_plot.egg-info/top_level.txt
[0.746s] reading manifest file '../../build/tribo_plot/tribo_plot.egg-info/SOURCES.txt'
[0.747s] writing manifest file '../../build/tribo_plot/tribo_plot.egg-info/SOURCES.txt'
[0.747s] running build
[0.747s] running build_py
[0.748s] copying tribo_plot/models.py -> /home/kang/ros2_ws/build/tribo_plot/build/lib/tribo_plot
[0.748s] copying tribo_plot/plot_sensor.py -> /home/kang/ros2_ws/build/tribo_plot/build/lib/tribo_plot
[0.748s] copying tribo_plot/__init__.py -> /home/kang/ros2_ws/build/tribo_plot/build/lib/tribo_plot
[0.748s] copying tribo_plot/app1.py -> /home/kang/ros2_ws/build/tribo_plot/build/lib/tribo_plot
[0.748s] copying tribo_plot/sensorT_fake.py -> /home/kang/ros2_ws/build/tribo_plot/build/lib/tribo_plot
[0.748s] creating /home/kang/ros2_ws/build/tribo_plot/build/lib/tribo_plot/utils
[0.749s] copying tribo_plot/utils/__init__.py -> /home/kang/ros2_ws/build/tribo_plot/build/lib/tribo_plot/utils
[0.749s] copying tribo_plot/utils/widget.py -> /home/kang/ros2_ws/build/tribo_plot/build/lib/tribo_plot/utils
[0.750s] running install
[0.753s] running install_lib
[0.764s] creating /home/kang/ros2_ws/install/tribo_plot/lib/python3.10/site-packages/tribo_plot/utils
[0.765s] copying /home/kang/ros2_ws/build/tribo_plot/build/lib/tribo_plot/utils/__init__.py -> /home/kang/ros2_ws/install/tribo_plot/lib/python3.10/site-packages/tribo_plot/utils
[0.765s] copying /home/kang/ros2_ws/build/tribo_plot/build/lib/tribo_plot/utils/widget.py -> /home/kang/ros2_ws/install/tribo_plot/lib/python3.10/site-packages/tribo_plot/utils
[0.765s] copying /home/kang/ros2_ws/build/tribo_plot/build/lib/tribo_plot/app1.py -> /home/kang/ros2_ws/install/tribo_plot/lib/python3.10/site-packages/tribo_plot
[0.766s] byte-compiling /home/kang/ros2_ws/install/tribo_plot/lib/python3.10/site-packages/tribo_plot/utils/__init__.py to __init__.cpython-310.pyc
[0.766s] byte-compiling /home/kang/ros2_ws/install/tribo_plot/lib/python3.10/site-packages/tribo_plot/utils/widget.py to widget.cpython-310.pyc
[0.766s] byte-compiling /home/kang/ros2_ws/install/tribo_plot/lib/python3.10/site-packages/tribo_plot/app1.py to app1.cpython-310.pyc
[0.767s] running install_data
[0.767s] copying resource/tribo_plot -> /home/kang/ros2_ws/install/tribo_plot/share/ament_index/resource_index/packages
[0.767s] copying package.xml -> /home/kang/ros2_ws/install/tribo_plot/share/tribo_plot
[0.768s] running install_egg_info
[0.780s] removing '/home/kang/ros2_ws/install/tribo_plot/lib/python3.10/site-packages/tribo_plot-0.0.0-py3.10.egg-info' (and everything under it)
[0.780s] Copying ../../build/tribo_plot/tribo_plot.egg-info to /home/kang/ros2_ws/install/tribo_plot/lib/python3.10/site-packages/tribo_plot-0.0.0-py3.10.egg-info
[0.781s] running install_scripts
[0.871s] Installing app1 script to /home/kang/ros2_ws/install/tribo_plot/lib/tribo_plot
[0.871s] Installing models script to /home/kang/ros2_ws/install/tribo_plot/lib/tribo_plot
[0.871s] Installing plot_sensor script to /home/kang/ros2_ws/install/tribo_plot/lib/tribo_plot
[0.871s] Installing sensorT_fake script to /home/kang/ros2_ws/install/tribo_plot/lib/tribo_plot
[0.871s] writing list of installed files to '/home/kang/ros2_ws/build/tribo_plot/install.log'
[0.889s] Invoked command in '/home/kang/ros2_ws/src/tribo_plot' returned '0': CONDA_PROMPT_MODIFIER=(guest) PYTHONPATH=/home/kang/ros2_ws/build/tribo_plot/prefix_override:/usr/lib/python3/dist-packages/colcon_core/task/python/colcon_distutils_commands:/home/kang/ros2_ws/install/tribo_plot/lib/python3.10/site-packages:${PYTHONPATH} /usr/bin/python3 -W ignore:setup.py install is deprecated -W ignore:easy_install command is deprecated setup.py egg_info --egg-base ../../build/tribo_plot build --build-base /home/kang/ros2_ws/build/tribo_plot/build install --record /home/kang/ros2_ws/build/tribo_plot/install.log --single-version-externally-managed install_data
