running egg_info
writing ../../build/tribo_plot/tribo_plot.egg-info/PKG-INFO
writing dependency_links to ../../build/tribo_plot/tribo_plot.egg-info/dependency_links.txt
writing entry points to ../../build/tribo_plot/tribo_plot.egg-info/entry_points.txt
writing requirements to ../../build/tribo_plot/tribo_plot.egg-info/requires.txt
writing top-level names to ../../build/tribo_plot/tribo_plot.egg-info/top_level.txt
reading manifest file '../../build/tribo_plot/tribo_plot.egg-info/SOURCES.txt'
writing manifest file '../../build/tribo_plot/tribo_plot.egg-info/SOURCES.txt'
running build
running build_py
copying tribo_plot/plot_sensor.py -> /home/kang/ros2_ws/build/tribo_plot/build/lib/tribo_plot
running install
running install_lib
copying /home/kang/ros2_ws/build/tribo_plot/build/lib/tribo_plot/plot_sensor.py -> /home/kang/ros2_ws/install/tribo_plot/lib/python3.10/site-packages/tribo_plot
byte-compiling /home/kang/ros2_ws/install/tribo_plot/lib/python3.10/site-packages/tribo_plot/plot_sensor.py to plot_sensor.cpython-310.pyc
running install_data
running install_egg_info
removing '/home/kang/ros2_ws/install/tribo_plot/lib/python3.10/site-packages/tribo_plot-0.0.0-py3.10.egg-info' (and everything under it)
Copying ../../build/tribo_plot/tribo_plot.egg-info to /home/kang/ros2_ws/install/tribo_plot/lib/python3.10/site-packages/tribo_plot-0.0.0-py3.10.egg-info
running install_scripts
Installing plot_sensor script to /home/kang/ros2_ws/install/tribo_plot/lib/tribo_plot
writing list of installed files to '/home/kang/ros2_ws/build/tribo_plot/install.log'
