[0.651s] Invoking command in '/home/kang/ros2_ws/src/tribo_plot': CONDA_PROMPT_MODIFIER=(base) PYTHONPATH=/home/kang/ros2_ws/build/tribo_plot/prefix_override:/usr/lib/python3/dist-packages/colcon_core/task/python/colcon_distutils_commands:/home/kang/ros2_ws/install/tribo_plot/lib/python3.10/site-packages:${PYTHONPATH} /usr/bin/python3 -W ignore:setup.py install is deprecated -W ignore:easy_install command is deprecated setup.py egg_info --egg-base ../../build/tribo_plot build --build-base /home/kang/ros2_ws/build/tribo_plot/build install --record /home/kang/ros2_ws/build/tribo_plot/install.log --single-version-externally-managed install_data
[0.881s] running egg_info
[0.894s] writing ../../build/tribo_plot/tribo_plot.egg-info/PKG-INFO
[0.894s] writing dependency_links to ../../build/tribo_plot/tribo_plot.egg-info/dependency_links.txt
[0.895s] writing entry points to ../../build/tribo_plot/tribo_plot.egg-info/entry_points.txt
[0.895s] writing requirements to ../../build/tribo_plot/tribo_plot.egg-info/requires.txt
[0.895s] writing top-level names to ../../build/tribo_plot/tribo_plot.egg-info/top_level.txt
[0.925s] reading manifest file '../../build/tribo_plot/tribo_plot.egg-info/SOURCES.txt'
[0.927s] writing manifest file '../../build/tribo_plot/tribo_plot.egg-info/SOURCES.txt'
[0.927s] running build
[0.927s] running build_py
[0.928s] copying tribo_plot/plot_sensor.py -> /home/kang/ros2_ws/build/tribo_plot/build/lib/tribo_plot
[0.928s] copying tribo_plot/__init__.py -> /home/kang/ros2_ws/build/tribo_plot/build/lib/tribo_plot
[0.928s] running install
[0.933s] running install_lib
[0.947s] running install_data
[0.947s] copying resource/tribo_plot -> /home/kang/ros2_ws/install/tribo_plot/share/ament_index/resource_index/packages
[0.948s] copying package.xml -> /home/kang/ros2_ws/install/tribo_plot/share/tribo_plot
[0.948s] running install_egg_info
[0.960s] removing '/home/kang/ros2_ws/install/tribo_plot/lib/python3.10/site-packages/tribo_plot-0.0.0-py3.10.egg-info' (and everything under it)
[0.960s] Copying ../../build/tribo_plot/tribo_plot.egg-info to /home/kang/ros2_ws/install/tribo_plot/lib/python3.10/site-packages/tribo_plot-0.0.0-py3.10.egg-info
[0.961s] running install_scripts
[1.059s] Installing plot_sensor script to /home/kang/ros2_ws/install/tribo_plot/lib/tribo_plot
[1.059s] writing list of installed files to '/home/kang/ros2_ws/build/tribo_plot/install.log'
[1.082s] Invoked command in '/home/kang/ros2_ws/src/tribo_plot' returned '0': CONDA_PROMPT_MODIFIER=(base) PYTHONPATH=/home/kang/ros2_ws/build/tribo_plot/prefix_override:/usr/lib/python3/dist-packages/colcon_core/task/python/colcon_distutils_commands:/home/kang/ros2_ws/install/tribo_plot/lib/python3.10/site-packages:${PYTHONPATH} /usr/bin/python3 -W ignore:setup.py install is deprecated -W ignore:easy_install command is deprecated setup.py egg_info --egg-base ../../build/tribo_plot build --build-base /home/kang/ros2_ws/build/tribo_plot/build install --record /home/kang/ros2_ws/build/tribo_plot/install.log --single-version-externally-managed install_data
