[0.023s] Invoking command in '/home/kang/ros2_ws/build/tribo': CMAKE_PREFIX_PATH=${CMAKE_PREFIX_PATH}:/home/kang/ros2_ws/install/tribo_plot:/opt/ros/humble CONDA_PROMPT_MODIFIER=(tribo) /usr/bin/cmake --build /home/kang/ros2_ws/build/tribo -- -j16 -l16
[0.147s] [100%] Built target sensorT
[0.147s] [100%] Built target sensorRFT
[0.147s] [100%] Built target writer
[0.151s] Invoked command in '/home/kang/ros2_ws/build/tribo' returned '0': CMAKE_PREFIX_PATH=${CMAKE_PREFIX_PATH}:/home/kang/ros2_ws/install/tribo_plot:/opt/ros/humble CONDA_PROMPT_MODIFIER=(tribo) /usr/bin/cmake --build /home/kang/ros2_ws/build/tribo -- -j16 -l16
[0.173s] Invoking command in '/home/kang/ros2_ws/build/tribo': CMAKE_PREFIX_PATH=${CMAKE_PREFIX_PATH}:/home/kang/ros2_ws/install/tribo_plot:/opt/ros/humble CONDA_PROMPT_MODIFIER=(tribo) /usr/bin/cmake --install /home/kang/ros2_ws/build/tribo
[0.176s] -- Install configuration: ""
[0.177s] -- Execute custom install script
[0.177s] -- Up-to-date symlink: /home/kang/ros2_ws/install/tribo/lib/tribo/sensorT
[0.177s] -- Up-to-date symlink: /home/kang/ros2_ws/install/tribo/lib/tribo/sensorRFT
[0.177s] -- Up-to-date symlink: /home/kang/ros2_ws/install/tribo/lib/tribo/writer
[0.178s] -- Up-to-date symlink: /home/kang/ros2_ws/install/tribo/share/tribo/launch/tribo_launch.py
[0.179s] -- Up-to-date symlink: /home/kang/ros2_ws/install/tribo/share/ament_index/resource_index/package_run_dependencies/tribo
[0.179s] -- Up-to-date symlink: /home/kang/ros2_ws/install/tribo/share/ament_index/resource_index/parent_prefix_path/tribo
[0.179s] -- Up-to-date symlink: /home/kang/ros2_ws/install/tribo/share/tribo/environment/ament_prefix_path.sh
[0.180s] -- Up-to-date symlink: /home/kang/ros2_ws/install/tribo/share/tribo/environment/ament_prefix_path.dsv
[0.180s] -- Up-to-date symlink: /home/kang/ros2_ws/install/tribo/share/tribo/environment/path.sh
[0.180s] -- Up-to-date symlink: /home/kang/ros2_ws/install/tribo/share/tribo/environment/path.dsv
[0.180s] -- Up-to-date symlink: /home/kang/ros2_ws/install/tribo/share/tribo/local_setup.bash
[0.181s] -- Up-to-date symlink: /home/kang/ros2_ws/install/tribo/share/tribo/local_setup.sh
[0.181s] -- Up-to-date symlink: /home/kang/ros2_ws/install/tribo/share/tribo/local_setup.zsh
[0.181s] -- Up-to-date symlink: /home/kang/ros2_ws/install/tribo/share/tribo/local_setup.dsv
[0.181s] -- Symlinking: /home/kang/ros2_ws/install/tribo/share/tribo/package.dsv
[0.187s] -- Up-to-date symlink: /home/kang/ros2_ws/install/tribo/share/ament_index/resource_index/packages/tribo
[0.187s] -- Up-to-date symlink: /home/kang/ros2_ws/install/tribo/share/tribo/cmake/triboConfig.cmake
[0.187s] -- Up-to-date symlink: /home/kang/ros2_ws/install/tribo/share/tribo/cmake/triboConfig-version.cmake
[0.187s] -- Up-to-date symlink: /home/kang/ros2_ws/install/tribo/share/tribo/package.xml
[0.189s] Invoked command in '/home/kang/ros2_ws/build/tribo' returned '0': CMAKE_PREFIX_PATH=${CMAKE_PREFIX_PATH}:/home/kang/ros2_ws/install/tribo_plot:/opt/ros/humble CONDA_PROMPT_MODIFIER=(tribo) /usr/bin/cmake --install /home/kang/ros2_ws/build/tribo
