[0.901s] Invoking command in '/home/kang/ros2_ws/src/tribo_plot': CONDA_PROMPT_MODIFIER=(guest) PYTHONPATH=/home/kang/ros2_ws/build/tribo_plot/prefix_override:/usr/lib/python3/dist-packages/colcon_core/task/python/colcon_distutils_commands:/home/kang/ros2_ws/install/tribo_plot/lib/python3.10/site-packages:${PYTHONPATH} /usr/bin/python3 -W ignore:setup.py install is deprecated -W ignore:easy_install command is deprecated setup.py egg_info --egg-base ../../build/tribo_plot build --build-base /home/kang/ros2_ws/build/tribo_plot/build install --record /home/kang/ros2_ws/build/tribo_plot/install.log --single-version-externally-managed install_data
[1.071s] running egg_info
[1.081s] writing ../../build/tribo_plot/tribo_plot.egg-info/PKG-INFO
[1.083s] writing dependency_links to ../../build/tribo_plot/tribo_plot.egg-info/dependency_links.txt
[1.083s] writing entry points to ../../build/tribo_plot/tribo_plot.egg-info/entry_points.txt
[1.084s] writing requirements to ../../build/tribo_plot/tribo_plot.egg-info/requires.txt
[1.084s] writing top-level names to ../../build/tribo_plot/tribo_plot.egg-info/top_level.txt
[1.105s] reading manifest file '../../build/tribo_plot/tribo_plot.egg-info/SOURCES.txt'
[1.107s] writing manifest file '../../build/tribo_plot/tribo_plot.egg-info/SOURCES.txt'
[1.107s] running build
[1.107s] running build_py
[1.107s] copying tribo_plot/plot_sensor.py -> /home/kang/ros2_ws/build/tribo_plot/build/lib/tribo_plot
[1.110s] copying tribo_plot/__init__.py -> /home/kang/ros2_ws/build/tribo_plot/build/lib/tribo_plot
[1.110s] copying tribo_plot/app1.py -> /home/kang/ros2_ws/build/tribo_plot/build/lib/tribo_plot
[1.110s] copying tribo_plot/sensorT_fake.py -> /home/kang/ros2_ws/build/tribo_plot/build/lib/tribo_plot
[1.111s] creating /home/kang/ros2_ws/build/tribo_plot/build/lib/tribo_plot/model
[1.112s] copying tribo_plot/model/models.py -> /home/kang/ros2_ws/build/tribo_plot/build/lib/tribo_plot/model
[1.112s] copying tribo_plot/model/__init__.py -> /home/kang/ros2_ws/build/tribo_plot/build/lib/tribo_plot/model
[1.113s] copying tribo_plot/utils/state.py -> /home/kang/ros2_ws/build/tribo_plot/build/lib/tribo_plot/utils
[1.113s] copying tribo_plot/utils/__init__.py -> /home/kang/ros2_ws/build/tribo_plot/build/lib/tribo_plot/utils
[1.114s] copying tribo_plot/utils/widget.py -> /home/kang/ros2_ws/build/tribo_plot/build/lib/tribo_plot/utils
[1.115s] running install
[1.118s] running install_lib
[1.131s] creating /home/kang/ros2_ws/install/tribo_plot/lib/python3.10/site-packages/tribo_plot/model
[1.132s] copying /home/kang/ros2_ws/build/tribo_plot/build/lib/tribo_plot/model/models.py -> /home/kang/ros2_ws/install/tribo_plot/lib/python3.10/site-packages/tribo_plot/model
[1.132s] copying /home/kang/ros2_ws/build/tribo_plot/build/lib/tribo_plot/model/__init__.py -> /home/kang/ros2_ws/install/tribo_plot/lib/python3.10/site-packages/tribo_plot/model
[1.133s] copying /home/kang/ros2_ws/build/tribo_plot/build/lib/tribo_plot/utils/state.py -> /home/kang/ros2_ws/install/tribo_plot/lib/python3.10/site-packages/tribo_plot/utils
[1.133s] copying /home/kang/ros2_ws/build/tribo_plot/build/lib/tribo_plot/utils/widget.py -> /home/kang/ros2_ws/install/tribo_plot/lib/python3.10/site-packages/tribo_plot/utils
[1.134s] copying /home/kang/ros2_ws/build/tribo_plot/build/lib/tribo_plot/app1.py -> /home/kang/ros2_ws/install/tribo_plot/lib/python3.10/site-packages/tribo_plot
[1.134s] byte-compiling /home/kang/ros2_ws/install/tribo_plot/lib/python3.10/site-packages/tribo_plot/model/models.py to models.cpython-310.pyc
[1.135s] Sorry: IndentationError: unexpected indent (models.py, line 23)
[1.135s] byte-compiling /home/kang/ros2_ws/install/tribo_plot/lib/python3.10/site-packages/tribo_plot/model/__init__.py to __init__.cpython-310.pyc
[1.136s] byte-compiling /home/kang/ros2_ws/install/tribo_plot/lib/python3.10/site-packages/tribo_plot/utils/state.py to state.cpython-310.pyc
[1.136s] byte-compiling /home/kang/ros2_ws/install/tribo_plot/lib/python3.10/site-packages/tribo_plot/utils/widget.py to widget.cpython-310.pyc
[1.137s] byte-compiling /home/kang/ros2_ws/install/tribo_plot/lib/python3.10/site-packages/tribo_plot/app1.py to app1.cpython-310.pyc
[1.138s] running install_data
[1.139s] copying resource/tribo_plot -> /home/kang/ros2_ws/install/tribo_plot/share/ament_index/resource_index/packages
[1.140s] copying package.xml -> /home/kang/ros2_ws/install/tribo_plot/share/tribo_plot
[1.141s] running install_egg_info
[1.152s] removing '/home/kang/ros2_ws/install/tribo_plot/lib/python3.10/site-packages/tribo_plot-0.0.0-py3.10.egg-info' (and everything under it)
[1.155s] Copying ../../build/tribo_plot/tribo_plot.egg-info to /home/kang/ros2_ws/install/tribo_plot/lib/python3.10/site-packages/tribo_plot-0.0.0-py3.10.egg-info
[1.156s] running install_scripts
[1.245s] Installing app1 script to /home/kang/ros2_ws/install/tribo_plot/lib/tribo_plot
[1.246s] Installing models script to /home/kang/ros2_ws/install/tribo_plot/lib/tribo_plot
[1.246s] Installing plot_sensor script to /home/kang/ros2_ws/install/tribo_plot/lib/tribo_plot
[1.246s] Installing sensorT_fake script to /home/kang/ros2_ws/install/tribo_plot/lib/tribo_plot
[1.246s] writing list of installed files to '/home/kang/ros2_ws/build/tribo_plot/install.log'
[1.267s] Invoked command in '/home/kang/ros2_ws/src/tribo_plot' returned '0': CONDA_PROMPT_MODIFIER=(guest) PYTHONPATH=/home/kang/ros2_ws/build/tribo_plot/prefix_override:/usr/lib/python3/dist-packages/colcon_core/task/python/colcon_distutils_commands:/home/kang/ros2_ws/install/tribo_plot/lib/python3.10/site-packages:${PYTHONPATH} /usr/bin/python3 -W ignore:setup.py install is deprecated -W ignore:easy_install command is deprecated setup.py egg_info --egg-base ../../build/tribo_plot build --build-base /home/kang/ros2_ws/build/tribo_plot/build install --record /home/kang/ros2_ws/build/tribo_plot/install.log --single-version-externally-managed install_data
