[0.752s] Invoking command in '/home/kang/ros2_ws/src/tribo_plot': CONDA_PROMPT_MODIFIER=(guest) PYTHONPATH=/home/kang/ros2_ws/build/tribo_plot/prefix_override:/usr/lib/python3/dist-packages/colcon_core/task/python/colcon_distutils_commands:/home/kang/ros2_ws/install/tribo_plot/lib/python3.10/site-packages:${PYTHONPATH} /usr/bin/python3 -W ignore:setup.py install is deprecated -W ignore:easy_install command is deprecated setup.py egg_info --egg-base ../../build/tribo_plot build --build-base /home/kang/ros2_ws/build/tribo_plot/build install --record /home/kang/ros2_ws/build/tribo_plot/install.log --single-version-externally-managed install_data
[0.929s] running egg_info
[0.941s] writing ../../build/tribo_plot/tribo_plot.egg-info/PKG-INFO
[0.942s] writing dependency_links to ../../build/tribo_plot/tribo_plot.egg-info/dependency_links.txt
[0.942s] writing entry points to ../../build/tribo_plot/tribo_plot.egg-info/entry_points.txt
[0.942s] writing requirements to ../../build/tribo_plot/tribo_plot.egg-info/requires.txt
[0.943s] writing top-level names to ../../build/tribo_plot/tribo_plot.egg-info/top_level.txt
[0.965s] reading manifest file '../../build/tribo_plot/tribo_plot.egg-info/SOURCES.txt'
[0.966s] writing manifest file '../../build/tribo_plot/tribo_plot.egg-info/SOURCES.txt'
[0.966s] running build
[0.966s] running build_py
[0.966s] copying tribo_plot/plot_sensor.py -> /home/kang/ros2_ws/build/tribo_plot/build/lib/tribo_plot
[0.968s] copying tribo_plot/__init__.py -> /home/kang/ros2_ws/build/tribo_plot/build/lib/tribo_plot
[0.968s] copying tribo_plot/app1.py -> /home/kang/ros2_ws/build/tribo_plot/build/lib/tribo_plot
[0.969s] copying tribo_plot/sensorT_fake.py -> /home/kang/ros2_ws/build/tribo_plot/build/lib/tribo_plot
[0.969s] copying tribo_plot/model/models.py -> /home/kang/ros2_ws/build/tribo_plot/build/lib/tribo_plot/model
[0.970s] copying tribo_plot/model/__init__.py -> /home/kang/ros2_ws/build/tribo_plot/build/lib/tribo_plot/model
[0.970s] copying tribo_plot/utils/state.py -> /home/kang/ros2_ws/build/tribo_plot/build/lib/tribo_plot/utils
[0.971s] copying tribo_plot/utils/__init__.py -> /home/kang/ros2_ws/build/tribo_plot/build/lib/tribo_plot/utils
[0.971s] copying tribo_plot/utils/layout_colorwidget.py -> /home/kang/ros2_ws/build/tribo_plot/build/lib/tribo_plot/utils
[0.971s] copying tribo_plot/utils/widget.py -> /home/kang/ros2_ws/build/tribo_plot/build/lib/tribo_plot/utils
[0.972s] running install
[0.975s] running install_lib
[0.985s] copying /home/kang/ros2_ws/build/tribo_plot/build/lib/tribo_plot/utils/widget.py -> /home/kang/ros2_ws/install/tribo_plot/lib/python3.10/site-packages/tribo_plot/utils
[0.986s] byte-compiling /home/kang/ros2_ws/install/tribo_plot/lib/python3.10/site-packages/tribo_plot/utils/widget.py to widget.cpython-310.pyc
[0.987s] running install_data
[0.987s] copying resource/tribo_plot -> /home/kang/ros2_ws/install/tribo_plot/share/ament_index/resource_index/packages
[0.988s] copying package.xml -> /home/kang/ros2_ws/install/tribo_plot/share/tribo_plot
[0.989s] running install_egg_info
[1.000s] removing '/home/kang/ros2_ws/install/tribo_plot/lib/python3.10/site-packages/tribo_plot-0.0.0-py3.10.egg-info' (and everything under it)
[1.001s] Copying ../../build/tribo_plot/tribo_plot.egg-info to /home/kang/ros2_ws/install/tribo_plot/lib/python3.10/site-packages/tribo_plot-0.0.0-py3.10.egg-info
[1.002s] running install_scripts
[1.088s] Installing app1 script to /home/kang/ros2_ws/install/tribo_plot/lib/tribo_plot
[1.088s] Installing models script to /home/kang/ros2_ws/install/tribo_plot/lib/tribo_plot
[1.088s] Installing plot_sensor script to /home/kang/ros2_ws/install/tribo_plot/lib/tribo_plot
[1.088s] Installing sensorT_fake script to /home/kang/ros2_ws/install/tribo_plot/lib/tribo_plot
[1.089s] writing list of installed files to '/home/kang/ros2_ws/build/tribo_plot/install.log'
[1.105s] Invoked command in '/home/kang/ros2_ws/src/tribo_plot' returned '0': CONDA_PROMPT_MODIFIER=(guest) PYTHONPATH=/home/kang/ros2_ws/build/tribo_plot/prefix_override:/usr/lib/python3/dist-packages/colcon_core/task/python/colcon_distutils_commands:/home/kang/ros2_ws/install/tribo_plot/lib/python3.10/site-packages:${PYTHONPATH} /usr/bin/python3 -W ignore:setup.py install is deprecated -W ignore:easy_install command is deprecated setup.py egg_info --egg-base ../../build/tribo_plot build --build-base /home/kang/ros2_ws/build/tribo_plot/build install --record /home/kang/ros2_ws/build/tribo_plot/install.log --single-version-externally-managed install_data
