[0.990s] Invoking command in '/home/kang/ros2_ws/src/tribo_plot': CONDA_PROMPT_MODIFIER=(base) PYTHONPATH=/home/kang/ros2_ws/build/tribo_plot/prefix_override:/usr/lib/python3/dist-packages/colcon_core/task/python/colcon_distutils_commands:/home/kang/ros2_ws/install/tribo_plot/lib/python3.10/site-packages:${PYTHONPATH} /usr/bin/python3 -W ignore:setup.py install is deprecated -W ignore:easy_install command is deprecated setup.py egg_info --egg-base ../../build/tribo_plot build --build-base /home/kang/ros2_ws/build/tribo_plot/build install --record /home/kang/ros2_ws/build/tribo_plot/install.log --single-version-externally-managed install_data
[1.213s] running egg_info
[1.226s] writing ../../build/tribo_plot/tribo_plot.egg-info/PKG-INFO
[1.235s] writing dependency_links to ../../build/tribo_plot/tribo_plot.egg-info/dependency_links.txt
[1.235s] writing entry points to ../../build/tribo_plot/tribo_plot.egg-info/entry_points.txt
[1.235s] writing requirements to ../../build/tribo_plot/tribo_plot.egg-info/requires.txt
[1.236s] writing top-level names to ../../build/tribo_plot/tribo_plot.egg-info/top_level.txt
[1.266s] reading manifest file '../../build/tribo_plot/tribo_plot.egg-info/SOURCES.txt'
[1.267s] writing manifest file '../../build/tribo_plot/tribo_plot.egg-info/SOURCES.txt'
[1.268s] running build
[1.268s] running build_py
[1.268s] copying tribo_plot/plot_sensor.py -> /home/kang/ros2_ws/build/tribo_plot/build/lib/tribo_plot
[1.269s] copying tribo_plot/__init__.py -> /home/kang/ros2_ws/build/tribo_plot/build/lib/tribo_plot
[1.269s] running install
[1.274s] running install_lib
[1.288s] running install_data
[1.289s] copying resource/tribo_plot -> /home/kang/ros2_ws/install/tribo_plot/share/ament_index/resource_index/packages
[1.289s] copying package.xml -> /home/kang/ros2_ws/install/tribo_plot/share/tribo_plot
[1.290s] running install_egg_info
[1.306s] removing '/home/kang/ros2_ws/install/tribo_plot/lib/python3.10/site-packages/tribo_plot-0.0.0-py3.10.egg-info' (and everything under it)
[1.307s] Copying ../../build/tribo_plot/tribo_plot.egg-info to /home/kang/ros2_ws/install/tribo_plot/lib/python3.10/site-packages/tribo_plot-0.0.0-py3.10.egg-info
[1.308s] running install_scripts
[1.430s] Installing plot_sensor script to /home/kang/ros2_ws/install/tribo_plot/lib/tribo_plot
[1.430s] writing list of installed files to '/home/kang/ros2_ws/build/tribo_plot/install.log'
[1.460s] Invoked command in '/home/kang/ros2_ws/src/tribo_plot' returned '0': CONDA_PROMPT_MODIFIER=(base) PYTHONPATH=/home/kang/ros2_ws/build/tribo_plot/prefix_override:/usr/lib/python3/dist-packages/colcon_core/task/python/colcon_distutils_commands:/home/kang/ros2_ws/install/tribo_plot/lib/python3.10/site-packages:${PYTHONPATH} /usr/bin/python3 -W ignore:setup.py install is deprecated -W ignore:easy_install command is deprecated setup.py egg_info --egg-base ../../build/tribo_plot build --build-base /home/kang/ros2_ws/build/tribo_plot/build install --record /home/kang/ros2_ws/build/tribo_plot/install.log --single-version-externally-managed install_data
