[0.026s] Invoking command in '/home/kang/ros2_ws/build/tribo': CMAKE_PREFIX_PATH=/opt/ros/humble CONDA_PROMPT_MODIFIER=(tribo) /usr/bin/cmake --build /home/kang/ros2_ws/build/tribo -- -j16 -l16
[0.150s] [ 50%] Built target sensorRFT
[0.150s] [ 66%] Built target sensorT
[0.150s] [100%] Built target writer
[0.156s] Invoked command in '/home/kang/ros2_ws/build/tribo' returned '0': CMAKE_PREFIX_PATH=/opt/ros/humble CONDA_PROMPT_MODIFIER=(tribo) /usr/bin/cmake --build /home/kang/ros2_ws/build/tribo -- -j16 -l16
[0.178s] Invoking command in '/home/kang/ros2_ws/build/tribo': CMAKE_PREFIX_PATH=/opt/ros/humble CONDA_PROMPT_MODIFIER=(tribo) /usr/bin/cmake --install /home/kang/ros2_ws/build/tribo
[0.182s] -- Install configuration: ""
[0.183s] -- Execute custom install script
[0.183s] -- Up-to-date symlink: /home/kang/ros2_ws/install/tribo/lib/tribo/sensorT
[0.183s] -- Up-to-date symlink: /home/kang/ros2_ws/install/tribo/lib/tribo/sensorRFT
[0.183s] -- Up-to-date symlink: /home/kang/ros2_ws/install/tribo/lib/tribo/writer
[0.184s] -- Up-to-date symlink: /home/kang/ros2_ws/install/tribo/share/tribo/launch/tribo_launch.py
[0.184s] -- Up-to-date symlink: /home/kang/ros2_ws/install/tribo/share/ament_index/resource_index/package_run_dependencies/tribo
[0.185s] -- Up-to-date symlink: /home/kang/ros2_ws/install/tribo/share/ament_index/resource_index/parent_prefix_path/tribo
[0.185s] -- Up-to-date symlink: /home/kang/ros2_ws/install/tribo/share/tribo/environment/ament_prefix_path.sh
[0.185s] -- Up-to-date symlink: /home/kang/ros2_ws/install/tribo/share/tribo/environment/ament_prefix_path.dsv
[0.186s] -- Up-to-date symlink: /home/kang/ros2_ws/install/tribo/share/tribo/environment/path.sh
[0.186s] -- Up-to-date symlink: /home/kang/ros2_ws/install/tribo/share/tribo/environment/path.dsv
[0.186s] -- Up-to-date symlink: /home/kang/ros2_ws/install/tribo/share/tribo/local_setup.bash
[0.186s] -- Up-to-date symlink: /home/kang/ros2_ws/install/tribo/share/tribo/local_setup.sh
[0.186s] -- Up-to-date symlink: /home/kang/ros2_ws/install/tribo/share/tribo/local_setup.zsh
[0.186s] -- Up-to-date symlink: /home/kang/ros2_ws/install/tribo/share/tribo/local_setup.dsv
[0.186s] -- Symlinking: /home/kang/ros2_ws/install/tribo/share/tribo/package.dsv
[0.193s] -- Up-to-date symlink: /home/kang/ros2_ws/install/tribo/share/ament_index/resource_index/packages/tribo
[0.193s] -- Up-to-date symlink: /home/kang/ros2_ws/install/tribo/share/tribo/cmake/triboConfig.cmake
[0.193s] -- Up-to-date symlink: /home/kang/ros2_ws/install/tribo/share/tribo/cmake/triboConfig-version.cmake
[0.193s] -- Up-to-date symlink: /home/kang/ros2_ws/install/tribo/share/tribo/package.xml
[0.194s] Invoked command in '/home/kang/ros2_ws/build/tribo' returned '0': CMAKE_PREFIX_PATH=/opt/ros/humble CONDA_PROMPT_MODIFIER=(tribo) /usr/bin/cmake --install /home/kang/ros2_ws/build/tribo
