[0.310s] DEBUG:colcon:Command line arguments: ['/usr/bin/colcon', 'build']
[0.310s] DEBUG:colcon:Parsed command line arguments: Namespace(log_base=None, log_level=None, verb_name='build', build_base='build', install_base='install', merge_install=False, symlink_install=False, test_result_base=None, continue_on_error=False, executor='parallel', parallel_workers=16, event_handlers=None, ignore_user_meta=False, metas=['./colcon.meta'], base_paths=['.'], packages_ignore=None, packages_ignore_regex=None, paths=None, packages_up_to=None, packages_up_to_regex=None, packages_above=None, packages_above_and_dependencies=None, packages_above_depth=None, packages_select_by_dep=None, packages_skip_by_dep=None, packages_skip_up_to=None, packages_select_build_failed=False, packages_skip_build_finished=False, packages_select_test_failures=False, packages_skip_test_passed=False, packages_select=None, packages_skip=None, packages_select_regex=None, packages_skip_regex=None, packages_start=None, packages_end=None, allow_overriding=[], cmake_args=None, cmake_target=None, cmake_target_skip_unavailable=False, cmake_clean_cache=False, cmake_clean_first=False, cmake_force_configure=False, ament_cmake_args=None, catkin_cmake_args=None, catkin_skip_building_tests=False, mixin_files=None, mixin=None, verb_parser=<colcon_mixin.mixin.mixin_argument.MixinArgumentDecorator object at 0x7fdfa7a3abc0>, verb_extension=<colcon_core.verb.build.BuildVerb object at 0x7fdfa7a3a530>, main=<bound method BuildVerb.main of <colcon_core.verb.build.BuildVerb object at 0x7fdfa7a3a530>>, mixin_verb=('build',))
[0.340s] Level 1:colcon.colcon_core.package_discovery:discover_packages(colcon_meta) check parameters
[0.340s] Level 1:colcon.colcon_core.package_discovery:discover_packages(recursive) check parameters
[0.340s] Level 1:colcon.colcon_core.package_discovery:discover_packages(ignore) check parameters
[0.340s] Level 1:colcon.colcon_core.package_discovery:discover_packages(path) check parameters
[0.340s] Level 1:colcon.colcon_core.package_discovery:discover_packages(colcon_meta) discover
[0.340s] Level 1:colcon.colcon_core.package_discovery:discover_packages(recursive) discover
[0.340s] INFO:colcon.colcon_core.package_discovery:Crawling recursively for packages in '/home/kang/ros2_ws'
[0.340s] Level 1:colcon.colcon_core.package_identification:_identify(.) by extensions ['ignore', 'ignore_ament_install']
[0.341s] Level 1:colcon.colcon_core.package_identification:_identify(.) by extension 'ignore'
[0.341s] Level 1:colcon.colcon_core.package_identification:_identify(.) by extension 'ignore_ament_install'
[0.341s] Level 1:colcon.colcon_core.package_identification:_identify(.) by extensions ['colcon_pkg']
[0.341s] Level 1:colcon.colcon_core.package_identification:_identify(.) by extension 'colcon_pkg'
[0.341s] Level 1:colcon.colcon_core.package_identification:_identify(.) by extensions ['colcon_meta']
[0.341s] Level 1:colcon.colcon_core.package_identification:_identify(.) by extension 'colcon_meta'
[0.341s] Level 1:colcon.colcon_core.package_identification:_identify(.) by extensions ['ros']
[0.341s] Level 1:colcon.colcon_core.package_identification:_identify(.) by extension 'ros'
[0.353s] Level 1:colcon.colcon_core.package_identification:_identify(.) by extensions ['cmake', 'python']
[0.353s] Level 1:colcon.colcon_core.package_identification:_identify(.) by extension 'cmake'
[0.353s] Level 1:colcon.colcon_core.package_identification:_identify(.) by extension 'python'
[0.353s] Level 1:colcon.colcon_core.package_identification:_identify(.) by extensions ['python_setup_py']
[0.353s] Level 1:colcon.colcon_core.package_identification:_identify(.) by extension 'python_setup_py'
[0.353s] Level 1:colcon.colcon_core.package_identification:_identify(build) by extensions ['ignore', 'ignore_ament_install']
[0.353s] Level 1:colcon.colcon_core.package_identification:_identify(build) by extension 'ignore'
[0.353s] Level 1:colcon.colcon_core.package_identification:_identify(build) ignored
[0.353s] Level 1:colcon.colcon_core.package_identification:_identify(install) by extensions ['ignore', 'ignore_ament_install']
[0.353s] Level 1:colcon.colcon_core.package_identification:_identify(install) by extension 'ignore'
[0.353s] Level 1:colcon.colcon_core.package_identification:_identify(install) ignored
[0.353s] Level 1:colcon.colcon_core.package_identification:_identify(log) by extensions ['ignore', 'ignore_ament_install']
[0.353s] Level 1:colcon.colcon_core.package_identification:_identify(log) by extension 'ignore'
[0.353s] Level 1:colcon.colcon_core.package_identification:_identify(log) ignored
[0.354s] Level 1:colcon.colcon_core.package_identification:_identify(src) by extensions ['ignore', 'ignore_ament_install']
[0.354s] Level 1:colcon.colcon_core.package_identification:_identify(src) by extension 'ignore'
[0.354s] Level 1:colcon.colcon_core.package_identification:_identify(src) by extension 'ignore_ament_install'
[0.354s] Level 1:colcon.colcon_core.package_identification:_identify(src) by extensions ['colcon_pkg']
[0.354s] Level 1:colcon.colcon_core.package_identification:_identify(src) by extension 'colcon_pkg'
[0.354s] Level 1:colcon.colcon_core.package_identification:_identify(src) by extensions ['colcon_meta']
[0.354s] Level 1:colcon.colcon_core.package_identification:_identify(src) by extension 'colcon_meta'
[0.354s] Level 1:colcon.colcon_core.package_identification:_identify(src) by extensions ['ros']
[0.354s] Level 1:colcon.colcon_core.package_identification:_identify(src) by extension 'ros'
[0.354s] Level 1:colcon.colcon_core.package_identification:_identify(src) by extensions ['cmake', 'python']
[0.354s] Level 1:colcon.colcon_core.package_identification:_identify(src) by extension 'cmake'
[0.354s] Level 1:colcon.colcon_core.package_identification:_identify(src) by extension 'python'
[0.354s] Level 1:colcon.colcon_core.package_identification:_identify(src) by extensions ['python_setup_py']
[0.354s] Level 1:colcon.colcon_core.package_identification:_identify(src) by extension 'python_setup_py'
[0.354s] Level 1:colcon.colcon_core.package_identification:_identify(src/tribo) by extensions ['ignore', 'ignore_ament_install']
[0.354s] Level 1:colcon.colcon_core.package_identification:_identify(src/tribo) by extension 'ignore'
[0.354s] Level 1:colcon.colcon_core.package_identification:_identify(src/tribo) by extension 'ignore_ament_install'
[0.354s] Level 1:colcon.colcon_core.package_identification:_identify(src/tribo) by extensions ['colcon_pkg']
[0.354s] Level 1:colcon.colcon_core.package_identification:_identify(src/tribo) by extension 'colcon_pkg'
[0.354s] Level 1:colcon.colcon_core.package_identification:_identify(src/tribo) by extensions ['colcon_meta']
[0.354s] Level 1:colcon.colcon_core.package_identification:_identify(src/tribo) by extension 'colcon_meta'
[0.354s] Level 1:colcon.colcon_core.package_identification:_identify(src/tribo) by extensions ['ros']
[0.354s] Level 1:colcon.colcon_core.package_identification:_identify(src/tribo) by extension 'ros'
[0.356s] DEBUG:colcon.colcon_core.package_identification:Package 'src/tribo' with type 'ros.ament_cmake' and name 'tribo'
[0.357s] Level 1:colcon.colcon_core.package_identification:_identify(src/tribo_plot) by extensions ['ignore', 'ignore_ament_install']
[0.357s] Level 1:colcon.colcon_core.package_identification:_identify(src/tribo_plot) by extension 'ignore'
[0.357s] Level 1:colcon.colcon_core.package_identification:_identify(src/tribo_plot) by extension 'ignore_ament_install'
[0.357s] Level 1:colcon.colcon_core.package_identification:_identify(src/tribo_plot) by extensions ['colcon_pkg']
[0.357s] Level 1:colcon.colcon_core.package_identification:_identify(src/tribo_plot) by extension 'colcon_pkg'
[0.357s] Level 1:colcon.colcon_core.package_identification:_identify(src/tribo_plot) by extensions ['colcon_meta']
[0.357s] Level 1:colcon.colcon_core.package_identification:_identify(src/tribo_plot) by extension 'colcon_meta'
[0.357s] Level 1:colcon.colcon_core.package_identification:_identify(src/tribo_plot) by extensions ['ros']
[0.357s] Level 1:colcon.colcon_core.package_identification:_identify(src/tribo_plot) by extension 'ros'
[0.357s] DEBUG:colcon.colcon_core.package_identification:Package 'src/tribo_plot' with type 'ros.ament_python' and name 'tribo_plot'
[0.357s] Level 1:colcon.colcon_core.package_identification:_identify(src/ur_test) by extensions ['ignore', 'ignore_ament_install']
[0.357s] Level 1:colcon.colcon_core.package_identification:_identify(src/ur_test) by extension 'ignore'
[0.357s] Level 1:colcon.colcon_core.package_identification:_identify(src/ur_test) by extension 'ignore_ament_install'
[0.358s] Level 1:colcon.colcon_core.package_identification:_identify(src/ur_test) by extensions ['colcon_pkg']
[0.358s] Level 1:colcon.colcon_core.package_identification:_identify(src/ur_test) by extension 'colcon_pkg'
[0.358s] Level 1:colcon.colcon_core.package_identification:_identify(src/ur_test) by extensions ['colcon_meta']
[0.358s] Level 1:colcon.colcon_core.package_identification:_identify(src/ur_test) by extension 'colcon_meta'
[0.358s] Level 1:colcon.colcon_core.package_identification:_identify(src/ur_test) by extensions ['ros']
[0.358s] Level 1:colcon.colcon_core.package_identification:_identify(src/ur_test) by extension 'ros'
[0.358s] DEBUG:colcon.colcon_core.package_identification:Package 'src/ur_test' with type 'ros.ament_cmake' and name 'ur_test'
[0.358s] Level 1:colcon.colcon_core.package_discovery:discover_packages(recursive) using defaults
[0.358s] Level 1:colcon.colcon_core.package_discovery:discover_packages(ignore) discover
[0.358s] Level 1:colcon.colcon_core.package_discovery:discover_packages(ignore) using defaults
[0.358s] Level 1:colcon.colcon_core.package_discovery:discover_packages(path) discover
[0.358s] Level 1:colcon.colcon_core.package_discovery:discover_packages(path) using defaults
[0.374s] Level 1:colcon.colcon_core.package_discovery:discover_packages(prefix_path) check parameters
[0.374s] Level 1:colcon.colcon_core.package_discovery:discover_packages(prefix_path) discover
[0.375s] WARNING:colcon.colcon_ros.prefix_path.ament:The path '/home/kang/ros2_ws/install/my_package' in the environment variable AMENT_PREFIX_PATH doesn't exist
[0.376s] DEBUG:colcon.colcon_installed_package_information.package_discovery:Found 3 installed packages in /home/kang/ros2_ws/install
[0.376s] DEBUG:colcon.colcon_installed_package_information.package_discovery:Found 270 installed packages in /opt/ros/humble
[0.378s] Level 1:colcon.colcon_core.package_discovery:discover_packages(prefix_path) using defaults
[0.405s] Level 5:colcon.colcon_core.verb:set package 'tribo' build argument 'cmake_args' from command line to 'None'
[0.405s] Level 5:colcon.colcon_core.verb:set package 'tribo' build argument 'cmake_target' from command line to 'None'
[0.405s] Level 5:colcon.colcon_core.verb:set package 'tribo' build argument 'cmake_target_skip_unavailable' from command line to 'False'
[0.405s] Level 5:colcon.colcon_core.verb:set package 'tribo' build argument 'cmake_clean_cache' from command line to 'False'
[0.405s] Level 5:colcon.colcon_core.verb:set package 'tribo' build argument 'cmake_clean_first' from command line to 'False'
[0.405s] Level 5:colcon.colcon_core.verb:set package 'tribo' build argument 'cmake_force_configure' from command line to 'False'
[0.405s] Level 5:colcon.colcon_core.verb:set package 'tribo' build argument 'ament_cmake_args' from command line to 'None'
[0.405s] Level 5:colcon.colcon_core.verb:set package 'tribo' build argument 'catkin_cmake_args' from command line to 'None'
[0.405s] Level 5:colcon.colcon_core.verb:set package 'tribo' build argument 'catkin_skip_building_tests' from command line to 'False'
[0.405s] DEBUG:colcon.colcon_core.verb:Building package 'tribo' with the following arguments: {'ament_cmake_args': None, 'build_base': '/home/kang/ros2_ws/build/tribo', 'catkin_cmake_args': None, 'catkin_skip_building_tests': False, 'cmake_args': None, 'cmake_clean_cache': False, 'cmake_clean_first': False, 'cmake_force_configure': False, 'cmake_target': None, 'cmake_target_skip_unavailable': False, 'install_base': '/home/kang/ros2_ws/install/tribo', 'merge_install': False, 'path': '/home/kang/ros2_ws/src/tribo', 'symlink_install': False, 'test_result_base': None}
[0.406s] Level 5:colcon.colcon_core.verb:set package 'tribo_plot' build argument 'cmake_args' from command line to 'None'
[0.406s] Level 5:colcon.colcon_core.verb:set package 'tribo_plot' build argument 'cmake_target' from command line to 'None'
[0.406s] Level 5:colcon.colcon_core.verb:set package 'tribo_plot' build argument 'cmake_target_skip_unavailable' from command line to 'False'
[0.406s] Level 5:colcon.colcon_core.verb:set package 'tribo_plot' build argument 'cmake_clean_cache' from command line to 'False'
[0.406s] Level 5:colcon.colcon_core.verb:set package 'tribo_plot' build argument 'cmake_clean_first' from command line to 'False'
[0.406s] Level 5:colcon.colcon_core.verb:set package 'tribo_plot' build argument 'cmake_force_configure' from command line to 'False'
[0.406s] Level 5:colcon.colcon_core.verb:set package 'tribo_plot' build argument 'ament_cmake_args' from command line to 'None'
[0.406s] Level 5:colcon.colcon_core.verb:set package 'tribo_plot' build argument 'catkin_cmake_args' from command line to 'None'
[0.406s] Level 5:colcon.colcon_core.verb:set package 'tribo_plot' build argument 'catkin_skip_building_tests' from command line to 'False'
[0.406s] DEBUG:colcon.colcon_core.verb:Building package 'tribo_plot' with the following arguments: {'ament_cmake_args': None, 'build_base': '/home/kang/ros2_ws/build/tribo_plot', 'catkin_cmake_args': None, 'catkin_skip_building_tests': False, 'cmake_args': None, 'cmake_clean_cache': False, 'cmake_clean_first': False, 'cmake_force_configure': False, 'cmake_target': None, 'cmake_target_skip_unavailable': False, 'install_base': '/home/kang/ros2_ws/install/tribo_plot', 'merge_install': False, 'path': '/home/kang/ros2_ws/src/tribo_plot', 'symlink_install': False, 'test_result_base': None}
[0.406s] Level 5:colcon.colcon_core.verb:set package 'ur_test' build argument 'cmake_args' from command line to 'None'
[0.406s] Level 5:colcon.colcon_core.verb:set package 'ur_test' build argument 'cmake_target' from command line to 'None'
[0.406s] Level 5:colcon.colcon_core.verb:set package 'ur_test' build argument 'cmake_target_skip_unavailable' from command line to 'False'
[0.406s] Level 5:colcon.colcon_core.verb:set package 'ur_test' build argument 'cmake_clean_cache' from command line to 'False'
[0.406s] Level 5:colcon.colcon_core.verb:set package 'ur_test' build argument 'cmake_clean_first' from command line to 'False'
[0.406s] Level 5:colcon.colcon_core.verb:set package 'ur_test' build argument 'cmake_force_configure' from command line to 'False'
[0.406s] Level 5:colcon.colcon_core.verb:set package 'ur_test' build argument 'ament_cmake_args' from command line to 'None'
[0.406s] Level 5:colcon.colcon_core.verb:set package 'ur_test' build argument 'catkin_cmake_args' from command line to 'None'
[0.406s] Level 5:colcon.colcon_core.verb:set package 'ur_test' build argument 'catkin_skip_building_tests' from command line to 'False'
[0.406s] DEBUG:colcon.colcon_core.verb:Building package 'ur_test' with the following arguments: {'ament_cmake_args': None, 'build_base': '/home/kang/ros2_ws/build/ur_test', 'catkin_cmake_args': None, 'catkin_skip_building_tests': False, 'cmake_args': None, 'cmake_clean_cache': False, 'cmake_clean_first': False, 'cmake_force_configure': False, 'cmake_target': None, 'cmake_target_skip_unavailable': False, 'install_base': '/home/kang/ros2_ws/install/ur_test', 'merge_install': False, 'path': '/home/kang/ros2_ws/src/ur_test', 'symlink_install': False, 'test_result_base': None}
[0.406s] INFO:colcon.colcon_core.executor:Executing jobs using 'parallel' executor
[0.407s] DEBUG:colcon.colcon_parallel_executor.executor.parallel:run_until_complete
[0.408s] INFO:colcon.colcon_ros.task.ament_cmake.build:Building ROS package in '/home/kang/ros2_ws/src/tribo' with build type 'ament_cmake'
[0.408s] INFO:colcon.colcon_cmake.task.cmake.build:Building CMake package in '/home/kang/ros2_ws/src/tribo'
[0.411s] INFO:colcon.colcon_core.plugin_system:Skipping extension 'colcon_core.shell.bat': Not used on non-Windows systems
[0.411s] INFO:colcon.colcon_core.shell:Skip shell extension 'powershell' for command environment: Not usable outside of PowerShell
[0.411s] DEBUG:colcon.colcon_core.shell:Skip shell extension 'dsv' for command environment
[0.414s] INFO:colcon.colcon_ros.task.ament_python.build:Building ROS package in '/home/kang/ros2_ws/src/tribo_plot' with build type 'ament_python'
[0.415s] Level 1:colcon.colcon_core.shell:create_environment_hook('tribo_plot', 'ament_prefix_path')
[0.415s] INFO:colcon.colcon_core.shell:Creating environment hook '/home/kang/ros2_ws/install/tribo_plot/share/tribo_plot/hook/ament_prefix_path.ps1'
[0.417s] INFO:colcon.colcon_core.shell:Creating environment descriptor '/home/kang/ros2_ws/install/tribo_plot/share/tribo_plot/hook/ament_prefix_path.dsv'
[0.417s] INFO:colcon.colcon_core.shell:Creating environment hook '/home/kang/ros2_ws/install/tribo_plot/share/tribo_plot/hook/ament_prefix_path.sh'
[0.418s] INFO:colcon.colcon_core.shell:Skip shell extension 'powershell' for command environment: Not usable outside of PowerShell
[0.418s] DEBUG:colcon.colcon_core.shell:Skip shell extension 'dsv' for command environment
[0.420s] INFO:colcon.colcon_ros.task.ament_cmake.build:Building ROS package in '/home/kang/ros2_ws/src/ur_test' with build type 'ament_cmake'
[0.420s] INFO:colcon.colcon_cmake.task.cmake.build:Building CMake package in '/home/kang/ros2_ws/src/ur_test'
[0.421s] INFO:colcon.colcon_core.shell:Skip shell extension 'powershell' for command environment: Not usable outside of PowerShell
[0.421s] DEBUG:colcon.colcon_core.shell:Skip shell extension 'dsv' for command environment
[0.433s] DEBUG:colcon.colcon_core.event_handler.log_command:Invoking command in '/home/kang/ros2_ws/build/tribo': CMAKE_PREFIX_PATH=${CMAKE_PREFIX_PATH}:/home/kang/ros2_ws/install/tribo_plot:/home/kang/ros2_ws/install/my_package:/opt/ros/humble CONDA_PROMPT_MODIFIER=(base) /usr/bin/cmake /home/kang/ros2_ws/src/tribo -DCMAKE_INSTALL_PREFIX=/home/kang/ros2_ws/install/tribo
[0.638s] INFO:colcon.colcon_core.task.python.build:Building Python package in '/home/kang/ros2_ws/src/tribo_plot'
[0.638s] INFO:colcon.colcon_core.shell:Skip shell extension 'powershell' for command environment: Not usable outside of PowerShell
[0.638s] DEBUG:colcon.colcon_core.shell:Skip shell extension 'dsv' for command environment
[0.651s] DEBUG:colcon.colcon_core.event_handler.log_command:Invoking command in '/home/kang/ros2_ws/build/ur_test': CMAKE_PREFIX_PATH=${CMAKE_PREFIX_PATH}:/home/kang/ros2_ws/install/tribo_plot:/home/kang/ros2_ws/install/my_package:/opt/ros/humble CONDA_PROMPT_MODIFIER=(base) /usr/bin/cmake /home/kang/ros2_ws/src/ur_test -DCMAKE_INSTALL_PREFIX=/home/kang/ros2_ws/install/ur_test
[1.095s] DEBUG:colcon.colcon_core.event_handler.log_command:Invoking command in '/home/kang/ros2_ws/build/tribo_plot': CONDA_PROMPT_MODIFIER=(base) PYTHONPATH=/home/kang/ros2_ws/build/tribo_plot/prefix_override:/usr/lib/python3/dist-packages/colcon_core/task/python/colcon_distutils_commands:/home/kang/ros2_ws/install/tribo_plot/lib/python3.10/site-packages:${PYTHONPATH} /usr/bin/python3 -W ignore:setup.py install is deprecated -W ignore:easy_install command is deprecated setup.py develop --uninstall --editable --build-directory /home/kang/ros2_ws/build/tribo_plot/build
[1.591s] DEBUG:colcon.colcon_core.event_handler.log_command:Invoked command in '/home/kang/ros2_ws/build/tribo_plot' returned '0': CONDA_PROMPT_MODIFIER=(base) PYTHONPATH=/home/kang/ros2_ws/build/tribo_plot/prefix_override:/usr/lib/python3/dist-packages/colcon_core/task/python/colcon_distutils_commands:/home/kang/ros2_ws/install/tribo_plot/lib/python3.10/site-packages:${PYTHONPATH} /usr/bin/python3 -W ignore:setup.py install is deprecated -W ignore:easy_install command is deprecated setup.py develop --uninstall --editable --build-directory /home/kang/ros2_ws/build/tribo_plot/build
[1.593s] DEBUG:colcon.colcon_core.event_handler.log_command:Invoking command in '/home/kang/ros2_ws/src/tribo_plot': CONDA_PROMPT_MODIFIER=(base) PYTHONPATH=/home/kang/ros2_ws/build/tribo_plot/prefix_override:/usr/lib/python3/dist-packages/colcon_core/task/python/colcon_distutils_commands:/home/kang/ros2_ws/install/tribo_plot/lib/python3.10/site-packages:${PYTHONPATH} /usr/bin/python3 -W ignore:setup.py install is deprecated -W ignore:easy_install command is deprecated setup.py egg_info --egg-base ../../build/tribo_plot build --build-base /home/kang/ros2_ws/build/tribo_plot/build install --record /home/kang/ros2_ws/build/tribo_plot/install.log --single-version-externally-managed install_data --force
[2.042s] DEBUG:colcon.colcon_core.event_handler.log_command:Invoked command in '/home/kang/ros2_ws/src/tribo_plot' returned '0': CONDA_PROMPT_MODIFIER=(base) PYTHONPATH=/home/kang/ros2_ws/build/tribo_plot/prefix_override:/usr/lib/python3/dist-packages/colcon_core/task/python/colcon_distutils_commands:/home/kang/ros2_ws/install/tribo_plot/lib/python3.10/site-packages:${PYTHONPATH} /usr/bin/python3 -W ignore:setup.py install is deprecated -W ignore:easy_install command is deprecated setup.py egg_info --egg-base ../../build/tribo_plot build --build-base /home/kang/ros2_ws/build/tribo_plot/build install --record /home/kang/ros2_ws/build/tribo_plot/install.log --single-version-externally-managed install_data --force
[2.044s] Level 1:colcon.colcon_core.environment:checking '/home/kang/ros2_ws/install/tribo_plot' for CMake module files
[2.045s] Level 1:colcon.colcon_core.environment:checking '/home/kang/ros2_ws/install/tribo_plot' for CMake config files
[2.045s] Level 1:colcon.colcon_core.environment:checking '/home/kang/ros2_ws/install/tribo_plot/lib'
[2.046s] Level 1:colcon.colcon_core.environment:checking '/home/kang/ros2_ws/install/tribo_plot/bin'
[2.046s] Level 1:colcon.colcon_core.environment:checking '/home/kang/ros2_ws/install/tribo_plot/lib/pkgconfig/tribo_plot.pc'
[2.046s] Level 1:colcon.colcon_core.environment:checking '/home/kang/ros2_ws/install/tribo_plot/lib/python3.10/site-packages'
[2.046s] Level 1:colcon.colcon_core.shell:create_environment_hook('tribo_plot', 'pythonpath')
[2.046s] INFO:colcon.colcon_core.shell:Creating environment hook '/home/kang/ros2_ws/install/tribo_plot/share/tribo_plot/hook/pythonpath.ps1'
[2.047s] INFO:colcon.colcon_core.shell:Creating environment descriptor '/home/kang/ros2_ws/install/tribo_plot/share/tribo_plot/hook/pythonpath.dsv'
[2.047s] INFO:colcon.colcon_core.shell:Creating environment hook '/home/kang/ros2_ws/install/tribo_plot/share/tribo_plot/hook/pythonpath.sh'
[2.048s] Level 1:colcon.colcon_core.environment:checking '/home/kang/ros2_ws/install/tribo_plot/bin'
[2.048s] Level 1:colcon.colcon_core.environment:create_environment_scripts_only(tribo_plot)
[2.048s] INFO:colcon.colcon_core.shell:Creating package script '/home/kang/ros2_ws/install/tribo_plot/share/tribo_plot/package.ps1'
[2.049s] INFO:colcon.colcon_core.shell:Creating package descriptor '/home/kang/ros2_ws/install/tribo_plot/share/tribo_plot/package.dsv'
[2.050s] INFO:colcon.colcon_core.shell:Creating package script '/home/kang/ros2_ws/install/tribo_plot/share/tribo_plot/package.sh'
[2.051s] INFO:colcon.colcon_core.shell:Creating package script '/home/kang/ros2_ws/install/tribo_plot/share/tribo_plot/package.bash'
[2.052s] INFO:colcon.colcon_core.shell:Creating package script '/home/kang/ros2_ws/install/tribo_plot/share/tribo_plot/package.zsh'
[2.052s] Level 1:colcon.colcon_core.environment:create_file_with_runtime_dependencies(/home/kang/ros2_ws/install/tribo_plot/share/colcon-core/packages/tribo_plot)
[6.549s] DEBUG:colcon.colcon_core.event_handler.log_command:Invoked command in '/home/kang/ros2_ws/build/tribo' returned '1': CMAKE_PREFIX_PATH=${CMAKE_PREFIX_PATH}:/home/kang/ros2_ws/install/tribo_plot:/home/kang/ros2_ws/install/my_package:/opt/ros/humble CONDA_PROMPT_MODIFIER=(base) /usr/bin/cmake /home/kang/ros2_ws/src/tribo -DCMAKE_INSTALL_PREFIX=/home/kang/ros2_ws/install/tribo
[6.558s] Level 1:colcon.colcon_core.environment:create_environment_scripts_only(tribo)
[6.558s] Level 1:colcon.colcon_core.environment:checking '/home/kang/ros2_ws/install/tribo' for CMake module files
[6.559s] Level 1:colcon.colcon_core.environment:checking '/home/kang/ros2_ws/install/tribo' for CMake config files
[6.559s] Level 1:colcon.colcon_core.environment:checking '/home/kang/ros2_ws/install/tribo/bin'
[6.559s] Level 1:colcon.colcon_core.environment:checking '/home/kang/ros2_ws/install/tribo/lib/pkgconfig/tribo.pc'
[6.560s] Level 1:colcon.colcon_core.environment:checking '/home/kang/ros2_ws/install/tribo/lib/python3.10/site-packages'
[6.560s] Level 1:colcon.colcon_core.environment:checking '/home/kang/ros2_ws/install/tribo/bin'
[6.560s] INFO:colcon.colcon_core.shell:Creating package script '/home/kang/ros2_ws/install/tribo/share/tribo/package.ps1'
[6.561s] INFO:colcon.colcon_core.shell:Creating package descriptor '/home/kang/ros2_ws/install/tribo/share/tribo/package.dsv'
[6.561s] INFO:colcon.colcon_core.shell:Creating package script '/home/kang/ros2_ws/install/tribo/share/tribo/package.sh'
[6.562s] INFO:colcon.colcon_core.shell:Creating package script '/home/kang/ros2_ws/install/tribo/share/tribo/package.bash'
[6.562s] INFO:colcon.colcon_core.shell:Creating package script '/home/kang/ros2_ws/install/tribo/share/tribo/package.zsh'
[6.563s] Level 1:colcon.colcon_core.environment:create_file_with_runtime_dependencies(/home/kang/ros2_ws/install/tribo/share/colcon-core/packages/tribo)
[6.782s] DEBUG:colcon.colcon_parallel_executor.executor.parallel:closing loop
[6.782s] DEBUG:colcon.colcon_parallel_executor.executor.parallel:loop closed
[6.782s] DEBUG:colcon.colcon_parallel_executor.executor.parallel:run_until_complete finished with '1'
[6.782s] DEBUG:colcon.colcon_core.event_reactor:joining thread
[6.878s] INFO:colcon.colcon_core.plugin_system:Skipping extension 'colcon_notification.desktop_notification.notify_send': Could not find 'notify-send'
[6.878s] INFO:colcon.colcon_core.plugin_system:Skipping extension 'colcon_notification.desktop_notification.terminal_notifier': Not used on non-Darwin systems
[6.878s] INFO:colcon.colcon_core.plugin_system:Skipping extension 'colcon_notification.desktop_notification.win32': Not used on non-Windows systems
[6.878s] INFO:colcon.colcon_notification.desktop_notification:Sending desktop notification using 'notify2'
[6.879s] DEBUG:colcon.colcon_notification.desktop_notification.notify2:Failed to initialize notify2: org.freedesktop.DBus.Error.FileNotFound: Failed to connect to socket /run/user/1000/bus: No such file or directory
[6.879s] DEBUG:colcon.colcon_core.event_reactor:joined thread
[6.880s] INFO:colcon.colcon_core.shell:Creating prefix script '/home/kang/ros2_ws/install/local_setup.ps1'
[6.882s] INFO:colcon.colcon_core.shell:Creating prefix util module '/home/kang/ros2_ws/install/_local_setup_util_ps1.py'
[6.885s] INFO:colcon.colcon_core.shell:Creating prefix chain script '/home/kang/ros2_ws/install/setup.ps1'
[6.886s] INFO:colcon.colcon_core.shell:Creating prefix script '/home/kang/ros2_ws/install/local_setup.sh'
[6.887s] INFO:colcon.colcon_core.shell:Creating prefix util module '/home/kang/ros2_ws/install/_local_setup_util_sh.py'
[6.888s] INFO:colcon.colcon_core.shell:Creating prefix chain script '/home/kang/ros2_ws/install/setup.sh'
[6.889s] INFO:colcon.colcon_core.shell:Creating prefix script '/home/kang/ros2_ws/install/local_setup.bash'
[6.890s] INFO:colcon.colcon_core.shell:Creating prefix chain script '/home/kang/ros2_ws/install/setup.bash'
[6.892s] INFO:colcon.colcon_core.shell:Creating prefix script '/home/kang/ros2_ws/install/local_setup.zsh'
[6.893s] INFO:colcon.colcon_core.shell:Creating prefix chain script '/home/kang/ros2_ws/install/setup.zsh'
