[0.828s] Invoking command in '/home/kang/ros2_ws/src/tribo_plot': CONDA_PROMPT_MODIFIER=(guest) PYTHONPATH=/home/kang/ros2_ws/build/tribo_plot/prefix_override:/usr/lib/python3/dist-packages/colcon_core/task/python/colcon_distutils_commands:/home/kang/ros2_ws/install/tribo_plot/lib/python3.10/site-packages:${PYTHONPATH} /usr/bin/python3 -W ignore:setup.py install is deprecated -W ignore:easy_install command is deprecated setup.py egg_info --egg-base ../../build/tribo_plot build --build-base /home/kang/ros2_ws/build/tribo_plot/build install --record /home/kang/ros2_ws/build/tribo_plot/install.log --single-version-externally-managed install_data
[1.008s] running egg_info
[1.020s] writing ../../build/tribo_plot/tribo_plot.egg-info/PKG-INFO
[1.021s] writing dependency_links to ../../build/tribo_plot/tribo_plot.egg-info/dependency_links.txt
[1.022s] writing entry points to ../../build/tribo_plot/tribo_plot.egg-info/entry_points.txt
[1.022s] writing requirements to ../../build/tribo_plot/tribo_plot.egg-info/requires.txt
[1.022s] writing top-level names to ../../build/tribo_plot/tribo_plot.egg-info/top_level.txt
[1.045s] reading manifest file '../../build/tribo_plot/tribo_plot.egg-info/SOURCES.txt'
[1.047s] writing manifest file '../../build/tribo_plot/tribo_plot.egg-info/SOURCES.txt'
[1.047s] running build
[1.048s] running build_py
[1.048s] copying tribo_plot/models.py -> /home/kang/ros2_ws/build/tribo_plot/build/lib/tribo_plot
[1.050s] copying tribo_plot/plot_sensor.py -> /home/kang/ros2_ws/build/tribo_plot/build/lib/tribo_plot
[1.050s] copying tribo_plot/__init__.py -> /home/kang/ros2_ws/build/tribo_plot/build/lib/tribo_plot
[1.050s] copying tribo_plot/app1.py -> /home/kang/ros2_ws/build/tribo_plot/build/lib/tribo_plot
[1.051s] copying tribo_plot/sensorT_fake.py -> /home/kang/ros2_ws/build/tribo_plot/build/lib/tribo_plot
[1.051s] running install
[1.055s] running install_lib
[1.067s] copying /home/kang/ros2_ws/build/tribo_plot/build/lib/tribo_plot/app1.py -> /home/kang/ros2_ws/install/tribo_plot/lib/python3.10/site-packages/tribo_plot
[1.068s] copying /home/kang/ros2_ws/build/tribo_plot/build/lib/tribo_plot/sensorT_fake.py -> /home/kang/ros2_ws/install/tribo_plot/lib/python3.10/site-packages/tribo_plot
[1.069s] byte-compiling /home/kang/ros2_ws/install/tribo_plot/lib/python3.10/site-packages/tribo_plot/app1.py to app1.cpython-310.pyc
[1.070s] byte-compiling /home/kang/ros2_ws/install/tribo_plot/lib/python3.10/site-packages/tribo_plot/sensorT_fake.py to sensorT_fake.cpython-310.pyc
[1.070s] running install_data
[1.071s]   File "/home/kang/ros2_ws/install/tribo_plot/lib/python3.10/site-packages/tribo_plot/sensorT_fake.py", line 26
[1.071s]     def __name__ == '__main__':
[1.071s]                  ^^
[1.071s] SyntaxError: invalid syntax
[1.071s] 
[1.071s] copying resource/tribo_plot -> /home/kang/ros2_ws/install/tribo_plot/share/ament_index/resource_index/packages
[1.071s] copying package.xml -> /home/kang/ros2_ws/install/tribo_plot/share/tribo_plot
[1.072s] running install_egg_info
[1.084s] removing '/home/kang/ros2_ws/install/tribo_plot/lib/python3.10/site-packages/tribo_plot-0.0.0-py3.10.egg-info' (and everything under it)
[1.085s] Copying ../../build/tribo_plot/tribo_plot.egg-info to /home/kang/ros2_ws/install/tribo_plot/lib/python3.10/site-packages/tribo_plot-0.0.0-py3.10.egg-info
[1.086s] running install_scripts
[1.178s] Installing models script to /home/kang/ros2_ws/install/tribo_plot/lib/tribo_plot
[1.178s] Installing plot_sensor script to /home/kang/ros2_ws/install/tribo_plot/lib/tribo_plot
[1.178s] Installing sensorT_fake script to /home/kang/ros2_ws/install/tribo_plot/lib/tribo_plot
[1.179s] writing list of installed files to '/home/kang/ros2_ws/build/tribo_plot/install.log'
[1.200s] Invoked command in '/home/kang/ros2_ws/src/tribo_plot' returned '0': CONDA_PROMPT_MODIFIER=(guest) PYTHONPATH=/home/kang/ros2_ws/build/tribo_plot/prefix_override:/usr/lib/python3/dist-packages/colcon_core/task/python/colcon_distutils_commands:/home/kang/ros2_ws/install/tribo_plot/lib/python3.10/site-packages:${PYTHONPATH} /usr/bin/python3 -W ignore:setup.py install is deprecated -W ignore:easy_install command is deprecated setup.py egg_info --egg-base ../../build/tribo_plot build --build-base /home/kang/ros2_ws/build/tribo_plot/build install --record /home/kang/ros2_ws/build/tribo_plot/install.log --single-version-externally-managed install_data
