[0.023s] Invoking command in '/home/kang/ros2_ws/build/tribo': CMAKE_PREFIX_PATH=/opt/ros/humble: /usr/bin/cmake /home/kang/ros2_ws/src/tribo -DAMENT_CMAKE_SYMLINK_INSTALL=1 -DCMAKE_INSTALL_PREFIX=/home/kang/ros2_ws/install/tribo
[0.272s] -- Found ament_cmake: 1.3.11 (/opt/ros/humble/share/ament_cmake/cmake)
[0.272s] -- Override CMake install command with custom implementation using symlinks instead of copying resources
[0.273s] -- Found rclcpp: 16.0.11 (/opt/ros/humble/share/rclcpp/cmake)
[0.337s] -- Found rosidl_generator_c: 3.1.6 (/opt/ros/humble/share/rosidl_generator_c/cmake)
[0.339s] -- Found rosidl_adapter: 3.1.6 (/opt/ros/humble/share/rosidl_adapter/cmake)
[0.344s] -- Found rosidl_generator_cpp: 3.1.6 (/opt/ros/humble/share/rosidl_generator_cpp/cmake)
[0.353s] -- Using all available rosidl_typesupport_c: rosidl_typesupport_fastrtps_c;rosidl_typesupport_introspection_c
[0.366s] -- Using all available rosidl_typesupport_cpp: rosidl_typesupport_fastrtps_cpp;rosidl_typesupport_introspection_cpp
[0.392s] -- Found rmw_implementation_cmake: 6.1.2 (/opt/ros/humble/share/rmw_implementation_cmake/cmake)
[0.394s] -- Found rmw_fastrtps_cpp: 6.2.7 (/opt/ros/humble/share/rmw_fastrtps_cpp/cmake)
[6.373s] -- Using RMW implementation 'rmw_fastrtps_cpp' as default
[6.416s] -- Found tf2_msgs: 0.25.9 (/opt/ros/humble/share/tf2_msgs/cmake)
[6.456s] -- Found sensor_msgs: 4.2.4 (/opt/ros/humble/share/sensor_msgs/cmake)
[6.469s] -- Found tf2: 0.25.9 (/opt/ros/humble/share/tf2/cmake)
[6.472s] -- Found tf2_ros: 0.25.9 (/opt/ros/humble/share/tf2_ros/cmake)
[6.571s] -- Configuring done
[6.580s] [33mCMake Warning at CMakeLists.txt:18 (add_executable):
[6.580s]   Cannot generate a safe runtime search path for target sensorT because files
[6.580s]   in some directories may conflict with libraries in implicit directories:
[6.580s] 
[6.580s]     runtime library [libpython3.10.so.1.0] in /usr/lib/x86_64-linux-gnu may be hidden by files in:
[6.580s]       /home/kang/miniconda3/lib
[6.580s] 
[6.581s]   Some of these libraries may not be found correctly.
[6.581s] 
[6.581s] [0m
[6.583s] [33mCMake Warning at CMakeLists.txt:21 (add_executable):
[6.583s]   Cannot generate a safe runtime search path for target sensorRFT because
[6.583s]   files in some directories may conflict with libraries in implicit
[6.583s]   directories:
[6.583s] 
[6.583s]     runtime library [libpython3.10.so.1.0] in /usr/lib/x86_64-linux-gnu may be hidden by files in:
[6.583s]       /home/kang/miniconda3/lib
[6.583s] 
[6.583s]   Some of these libraries may not be found correctly.
[6.583s] 
[6.583s] [0m
[6.586s] [33mCMake Warning at CMakeLists.txt:24 (add_executable):
[6.586s]   Cannot generate a safe runtime search path for target writer because files
[6.586s]   in some directories may conflict with libraries in implicit directories:
[6.586s] 
[6.586s]     runtime library [libpython3.10.so.1.0] in /usr/lib/x86_64-linux-gnu may be hidden by files in:
[6.587s]       /home/kang/miniconda3/lib
[6.587s] 
[6.587s]   Some of these libraries may not be found correctly.
[6.587s] 
[6.587s] [0m
[6.588s] -- Generating done
[6.593s] -- Build files have been written to: /home/kang/ros2_ws/build/tribo
[6.604s] Invoked command in '/home/kang/ros2_ws/build/tribo' returned '0': CMAKE_PREFIX_PATH=/opt/ros/humble: /usr/bin/cmake /home/kang/ros2_ws/src/tribo -DAMENT_CMAKE_SYMLINK_INSTALL=1 -DCMAKE_INSTALL_PREFIX=/home/kang/ros2_ws/install/tribo
[6.605s] Invoking command in '/home/kang/ros2_ws/build/tribo': CMAKE_PREFIX_PATH=/opt/ros/humble: /usr/bin/cmake --build /home/kang/ros2_ws/build/tribo -- -j16 -l16
[6.639s] [35m[1mConsolidate compiler generated dependencies of target sensorT[0m
[6.640s] [35m[1mConsolidate compiler generated dependencies of target writer[0m
[6.640s] [35m[1mConsolidate compiler generated dependencies of target sensorRFT[0m
[6.654s] [ 33%] Built target sensorT
[6.658s] [ 66%] Built target sensorRFT
[6.660s] [100%] Built target writer
[6.670s] Invoked command in '/home/kang/ros2_ws/build/tribo' returned '0': CMAKE_PREFIX_PATH=/opt/ros/humble: /usr/bin/cmake --build /home/kang/ros2_ws/build/tribo -- -j16 -l16
[6.678s] Invoking command in '/home/kang/ros2_ws/build/tribo': CMAKE_PREFIX_PATH=/opt/ros/humble: /usr/bin/cmake --install /home/kang/ros2_ws/build/tribo
[6.682s] -- Install configuration: ""
[6.682s] -- Execute custom install script
[6.683s] -- Up-to-date symlink: /home/kang/ros2_ws/install/tribo/lib/tribo/sensorT
[6.683s] -- Up-to-date symlink: /home/kang/ros2_ws/install/tribo/lib/tribo/sensorRFT
[6.683s] -- Up-to-date symlink: /home/kang/ros2_ws/install/tribo/lib/tribo/writer
[6.683s] -- Up-to-date symlink: /home/kang/ros2_ws/install/tribo/share/tribo/launch/tribo_launch.py
[6.684s] -- Up-to-date symlink: /home/kang/ros2_ws/install/tribo/share/ament_index/resource_index/package_run_dependencies/tribo
[6.684s] -- Up-to-date symlink: /home/kang/ros2_ws/install/tribo/share/ament_index/resource_index/parent_prefix_path/tribo
[6.684s] -- Up-to-date symlink: /home/kang/ros2_ws/install/tribo/share/tribo/environment/ament_prefix_path.sh
[6.684s] -- Up-to-date symlink: /home/kang/ros2_ws/install/tribo/share/tribo/environment/ament_prefix_path.dsv
[6.685s] -- Up-to-date symlink: /home/kang/ros2_ws/install/tribo/share/tribo/environment/path.sh
[6.685s] -- Up-to-date symlink: /home/kang/ros2_ws/install/tribo/share/tribo/environment/path.dsv
[6.685s] -- Up-to-date symlink: /home/kang/ros2_ws/install/tribo/share/tribo/local_setup.bash
[6.685s] -- Up-to-date symlink: /home/kang/ros2_ws/install/tribo/share/tribo/local_setup.sh
[6.685s] -- Up-to-date symlink: /home/kang/ros2_ws/install/tribo/share/tribo/local_setup.zsh
[6.685s] -- Up-to-date symlink: /home/kang/ros2_ws/install/tribo/share/tribo/local_setup.dsv
[6.685s] -- Symlinking: /home/kang/ros2_ws/install/tribo/share/tribo/package.dsv
[6.691s] -- Up-to-date symlink: /home/kang/ros2_ws/install/tribo/share/ament_index/resource_index/packages/tribo
[6.691s] -- Up-to-date symlink: /home/kang/ros2_ws/install/tribo/share/tribo/cmake/triboConfig.cmake
[6.692s] -- Up-to-date symlink: /home/kang/ros2_ws/install/tribo/share/tribo/cmake/triboConfig-version.cmake
[6.692s] -- Up-to-date symlink: /home/kang/ros2_ws/install/tribo/share/tribo/package.xml
[6.693s] Invoked command in '/home/kang/ros2_ws/build/tribo' returned '0': CMAKE_PREFIX_PATH=/opt/ros/humble: /usr/bin/cmake --install /home/kang/ros2_ws/build/tribo
