/home/kang/ros2_ws/install/tribo_plot/lib/python3.10/site-packages/tribo_plot/plot_sensor.py
/home/kang/ros2_ws/install/tribo_plot/lib/python3.10/site-packages/tribo_plot/__init__.py
/home/kang/ros2_ws/install/tribo_plot/lib/python3.10/site-packages/tribo_plot/app1.py
/home/kang/ros2_ws/install/tribo_plot/lib/python3.10/site-packages/tribo_plot/sensorT_fake.py
/home/kang/ros2_ws/install/tribo_plot/lib/python3.10/site-packages/tribo_plot/model/models.py
/home/kang/ros2_ws/install/tribo_plot/lib/python3.10/site-packages/tribo_plot/model/__init__.py
/home/kang/ros2_ws/install/tribo_plot/lib/python3.10/site-packages/tribo_plot/utils/state.py
/home/kang/ros2_ws/install/tribo_plot/lib/python3.10/site-packages/tribo_plot/utils/__init__.py
/home/kang/ros2_ws/install/tribo_plot/lib/python3.10/site-packages/tribo_plot/utils/layout_colorwidget.py
/home/kang/ros2_ws/install/tribo_plot/lib/python3.10/site-packages/tribo_plot/utils/widget.py
/home/kang/ros2_ws/install/tribo_plot/lib/python3.10/site-packages/tribo_plot/__pycache__/plot_sensor.cpython-310.pyc
/home/kang/ros2_ws/install/tribo_plot/lib/python3.10/site-packages/tribo_plot/__pycache__/__init__.cpython-310.pyc
/home/kang/ros2_ws/install/tribo_plot/lib/python3.10/site-packages/tribo_plot/__pycache__/app1.cpython-310.pyc
/home/kang/ros2_ws/install/tribo_plot/lib/python3.10/site-packages/tribo_plot/__pycache__/sensorT_fake.cpython-310.pyc
/home/kang/ros2_ws/install/tribo_plot/lib/python3.10/site-packages/tribo_plot/model/__pycache__/models.cpython-310.pyc
/home/kang/ros2_ws/install/tribo_plot/lib/python3.10/site-packages/tribo_plot/model/__pycache__/__init__.cpython-310.pyc
/home/kang/ros2_ws/install/tribo_plot/lib/python3.10/site-packages/tribo_plot/utils/__pycache__/state.cpython-310.pyc
/home/kang/ros2_ws/install/tribo_plot/lib/python3.10/site-packages/tribo_plot/utils/__pycache__/__init__.cpython-310.pyc
/home/kang/ros2_ws/install/tribo_plot/lib/python3.10/site-packages/tribo_plot/utils/__pycache__/layout_colorwidget.cpython-310.pyc
/home/kang/ros2_ws/install/tribo_plot/lib/python3.10/site-packages/tribo_plot/utils/__pycache__/widget.cpython-310.pyc
/home/kang/ros2_ws/install/tribo_plot/share/ament_index/resource_index/packages/tribo_plot
/home/kang/ros2_ws/install/tribo_plot/share/tribo_plot/package.xml
/home/kang/ros2_ws/install/tribo_plot/lib/python3.10/site-packages/tribo_plot-0.0.0-py3.10.egg-info/dependency_links.txt
/home/kang/ros2_ws/install/tribo_plot/lib/python3.10/site-packages/tribo_plot-0.0.0-py3.10.egg-info/zip-safe
/home/kang/ros2_ws/install/tribo_plot/lib/python3.10/site-packages/tribo_plot-0.0.0-py3.10.egg-info/requires.txt
/home/kang/ros2_ws/install/tribo_plot/lib/python3.10/site-packages/tribo_plot-0.0.0-py3.10.egg-info/entry_points.txt
/home/kang/ros2_ws/install/tribo_plot/lib/python3.10/site-packages/tribo_plot-0.0.0-py3.10.egg-info/SOURCES.txt
/home/kang/ros2_ws/install/tribo_plot/lib/python3.10/site-packages/tribo_plot-0.0.0-py3.10.egg-info/PKG-INFO
/home/kang/ros2_ws/install/tribo_plot/lib/python3.10/site-packages/tribo_plot-0.0.0-py3.10.egg-info/top_level.txt
/home/kang/ros2_ws/install/tribo_plot/lib/tribo_plot/app1
/home/kang/ros2_ws/install/tribo_plot/lib/tribo_plot/models
/home/kang/ros2_ws/install/tribo_plot/lib/tribo_plot/plot_sensor
/home/kang/ros2_ws/install/tribo_plot/lib/tribo_plot/sensorT_fake
